2026-01-19 09:26:25 - HTTP Request: POST https://api.telegram.org/bot7836652307:AAEpBPtzQ0XIbMVP4IDdYifD60xPUza0sug/getMe "HTTP/1.1 200 OK"
2026-01-19 09:26:25 - HTTP Request: POST https://api.telegram.org/bot7836652307:AAEpBPtzQ0XIbMVP4IDdYifD60xPUza0sug/deleteWebhook "HTTP/1.1 200 OK"
2026-01-19 09:26:25 - Application started
2026-01-19 09:26:36 - HTTP Request: POST https://api.telegram.org/bot7836652307:AAEpBPtzQ0XIbMVP4IDdYifD60xPUza0sug/getUpdates "HTTP/1.1 200 OK"
2026-01-19 09:26:47 - HTTP Request: POST https://api.telegram.org/bot7836652307:AAEpBPtzQ0XIbMVP4IDdYifD60xPUza0sug/getUpdates "HTTP/1.1 200 OK"
2026-01-19 09:26:57 - HTTP Request: POST https://api.telegram.org/bot7836652307:AAEpBPtzQ0XIbMVP4IDdYifD60xPUza0sug/getUpdates "HTTP/1.1 200 OK"
2026-01-19 09:27:07 - HTTP Request: POST https://api.telegram.org/bot7836652307:AAEpBPtzQ0XIbMVP4IDdYifD60xPUza0sug/getUpdates "HTTP/1.1 200 OK"
2026-01-19 09:27:18 - HTTP Request: POST https://api.telegram.org/bot7836652307:AAEpBPtzQ0XIbMVP4IDdYifD60xPUza0sug/getUpdates "HTTP/1.1 200 OK"
2026-01-19 09:27:28 - HTTP Request: POST https://api.telegram.org/bot7836652307:AAEpBPtzQ0XIbMVP4IDdYifD60xPUza0sug/getUpdates "HTTP/1.1 200 OK"
2026-01-19 09:27:38 - HTTP Request: POST https://api.telegram.org/bot7836652307:AAEpBPtzQ0XIbMVP4IDdYifD60xPUza0sug/getUpdates "HTTP/1.1 200 OK"
2026-01-19 09:27:49 - HTTP Request: POST https://api.telegram.org/bot7836652307:AAEpBPtzQ0XIbMVP4IDdYifD60xPUza0sug/getUpdates "HTTP/1.1 200 OK"
2026-01-19 09:27:59 - HTTP Request: POST https://api.telegram.org/bot7836652307:AAEpBPtzQ0XIbMVP4IDdYifD60xPUza0sug/getUpdates "HTTP/1.1 200 OK"
2026-01-19 09:28:09 - HTTP Request: POST https://api.telegram.org/bot7836652307:AAEpBPtzQ0XIbMVP4IDdYifD60xPUza0sug/getUpdates "HTTP/1.1 200 OK"
2026-01-19 09:28:20 - HTTP Request: POST https://api.telegram.org/bot7836652307:AAEpBPtzQ0XIbMVP4IDdYifD60xPUza0sug/getUpdates "HTTP/1.1 200 OK"
2026-01-19 09:28:30 - HTTP Request: POST https://api.telegram.org/bot7836652307:AAEpBPtzQ0XIbMVP4IDdYifD60xPUza0sug/getUpdates "HTTP/1.1 200 OK"
2026-01-19 09:28:40 - HTTP Request: POST https://api.telegram.org/bot7836652307:AAEpBPtzQ0XIbMVP4IDdYifD60xPUza0sug/getUpdates "HTTP/1.1 200 OK"
2026-01-19 09:28:51 - HTTP Request: POST https://api.telegram.org/bot7836652307:AAEpBPtzQ0XIbMVP4IDdYifD60xPUza0sug/getUpdates "HTTP/1.1 200 OK"
2026-01-19 09:29:01 - HTTP Request: POST https://api.telegram.org/bot7836652307:AAEpBPtzQ0XIbMVP4IDdYifD60xPUza0sug/getUpdates "HTTP/1.1 200 OK"
2026-01-19 09:29:11 - HTTP Request: POST https://api.telegram.org/bot7836652307:AAEpBPtzQ0XIbMVP4IDdYifD60xPUza0sug/getUpdates "HTTP/1.1 200 OK"
2026-01-19 09:29:22 - HTTP Request: POST https://api.telegram.org/bot7836652307:AAEpBPtzQ0XIbMVP4IDdYifD60xPUza0sug/getUpdates "HTTP/1.1 200 OK"
2026-01-19 09:29:32 - HTTP Request: POST https://api.telegram.org/bot7836652307:AAEpBPtzQ0XIbMVP4IDdYifD60xPUza0sug/getUpdates "HTTP/1.1 200 OK"
2026-01-19 09:29:42 - HTTP Request: POST https://api.telegram.org/bot7836652307:AAEpBPtzQ0XIbMVP4IDdYifD60xPUza0sug/getUpdates "HTTP/1.1 200 OK"
2026-01-19 09:29:53 - HTTP Request: POST https://api.telegram.org/bot7836652307:AAEpBPtzQ0XIbMVP4IDdYifD60xPUza0sug/getUpdates "HTTP/1.1 200 OK"
2026-01-19 09:30:03 - HTTP Request: POST https://api.telegram.org/bot7836652307:AAEpBPtzQ0XIbMVP4IDdYifD60xPUza0sug/getUpdates "HTTP/1.1 200 OK"
2026-01-19 09:30:13 - HTTP Request: POST https://api.telegram.org/bot7836652307:AAEpBPtzQ0XIbMVP4IDdYifD60xPUza0sug/getUpdates "HTTP/1.1 200 OK"
2026-01-19 09:30:24 - HTTP Request: POST https://api.telegram.org/bot7836652307:AAEpBPtzQ0XIbMVP4IDdYifD60xPUza0sug/getUpdates "HTTP/1.1 200 OK"
2026-01-19 09:30:34 - HTTP Request: POST https://api.telegram.org/bot7836652307:AAEpBPtzQ0XIbMVP4IDdYifD60xPUza0sug/getUpdates "HTTP/1.1 200 OK"
2026-01-19 09:30:44 - HTTP Request: POST https://api.telegram.org/bot7836652307:AAEpBPtzQ0XIbMVP4IDdYifD60xPUza0sug/getUpdates "HTTP/1.1 200 OK"
2026-01-19 09:30:55 - HTTP Request: POST https://api.telegram.org/bot7836652307:AAEpBPtzQ0XIbMVP4IDdYifD60xPUza0sug/getUpdates "HTTP/1.1 200 OK"
2026-01-19 09:31:05 - HTTP Request: POST https://api.telegram.org/bot7836652307:AAEpBPtzQ0XIbMVP4IDdYifD60xPUza0sug/getUpdates "HTTP/1.1 200 OK"
2026-01-19 09:31:15 - HTTP Request: POST https://api.telegram.org/bot7836652307:AAEpBPtzQ0XIbMVP4IDdYifD60xPUza0sug/getUpdates "HTTP/1.1 200 OK"
2026-01-19 09:31:26 - HTTP Request: POST https://api.telegram.org/bot7836652307:AAEpBPtzQ0XIbMVP4IDdYifD60xPUza0sug/getUpdates "HTTP/1.1 200 OK"
2026-01-19 09:31:36 - HTTP Request: POST https://api.telegram.org/bot7836652307:AAEpBPtzQ0XIbMVP4IDdYifD60xPUza0sug/getUpdates "HTTP/1.1 200 OK"
2026-01-19 09:31:47 - HTTP Request: POST https://api.telegram.org/bot7836652307:AAEpBPtzQ0XIbMVP4IDdYifD60xPUza0sug/getUpdates "HTTP/1.1 200 OK"
2026-01-19 09:31:55 - HTTP Request: POST https://api.telegram.org/bot7836652307:AAEpBPtzQ0XIbMVP4IDdYifD60xPUza0sug/getUpdates "HTTP/1.1 200 OK"
2026-01-19 09:31:55 - ID: 1374307835 | Usuario: Oscar González (@Darthzeroth) | INICIO CHAT
2026-01-19 09:31:56 - HTTP Request: POST https://api.telegram.org/bot7836652307:AAEpBPtzQ0XIbMVP4IDdYifD60xPUza0sug/sendMessage "HTTP/1.1 200 OK"
2026-01-19 09:32:05 - HTTP Request: POST https://api.telegram.org/bot7836652307:AAEpBPtzQ0XIbMVP4IDdYifD60xPUza0sug/getUpdates "HTTP/1.1 200 OK"
2026-01-19 09:32:16 - HTTP Request: POST https://api.telegram.org/bot7836652307:AAEpBPtzQ0XIbMVP4IDdYifD60xPUza0sug/getUpdates "HTTP/1.1 200 OK"
2026-01-19 09:32:22 - HTTP Request: POST https://api.telegram.org/bot7836652307:AAEpBPtzQ0XIbMVP4IDdYifD60xPUza0sug/getUpdates "HTTP/1.1 200 OK"
2026-01-19 09:32:23 - HTTP Request: POST https://api.telegram.org/bot7836652307:AAEpBPtzQ0XIbMVP4IDdYifD60xPUza0sug/sendMessage "HTTP/1.1 200 OK"
2026-01-19 09:32:32 - HTTP Request: POST https://api.telegram.org/bot7836652307:AAEpBPtzQ0XIbMVP4IDdYifD60xPUza0sug/getUpdates "HTTP/1.1 200 OK"
2026-01-19 09:32:43 - HTTP Request: POST https://api.telegram.org/bot7836652307:AAEpBPtzQ0XIbMVP4IDdYifD60xPUza0sug/getUpdates "HTTP/1.1 200 OK"
2026-01-19 09:32:48 - HTTP Request: POST https://api.telegram.org/bot7836652307:AAEpBPtzQ0XIbMVP4IDdYifD60xPUza0sug/getUpdates "HTTP/1.1 200 OK"
2026-01-19 09:32:49 - HTTP Request: POST https://api.telegram.org/bot7836652307:AAEpBPtzQ0XIbMVP4IDdYifD60xPUza0sug/sendMessage "HTTP/1.1 200 OK"
2026-01-19 09:32:58 - HTTP Request: POST https://api.telegram.org/bot7836652307:AAEpBPtzQ0XIbMVP4IDdYifD60xPUza0sug/getUpdates "HTTP/1.1 200 OK"
2026-01-19 09:33:09 - HTTP Request: POST https://api.telegram.org/bot7836652307:AAEpBPtzQ0XIbMVP4IDdYifD60xPUza0sug/getUpdates "HTTP/1.1 200 OK"
2026-01-19 09:33:19 - HTTP Request: POST https://api.telegram.org/bot7836652307:AAEpBPtzQ0XIbMVP4IDdYifD60xPUza0sug/getUpdates "HTTP/1.1 200 OK"
2026-01-19 09:33:27 - HTTP Request: POST https://api.telegram.org/bot7836652307:AAEpBPtzQ0XIbMVP4IDdYifD60xPUza0sug/getUpdates "HTTP/1.1 200 OK"
2026-01-19 09:33:28 - HTTP Request: POST https://api.telegram.org/bot7836652307:AAEpBPtzQ0XIbMVP4IDdYifD60xPUza0sug/sendMessage "HTTP/1.1 200 OK"
2026-01-19 09:33:37 - HTTP Request: POST https://api.telegram.org/bot7836652307:AAEpBPtzQ0XIbMVP4IDdYifD60xPUza0sug/getUpdates "HTTP/1.1 200 OK"
2026-01-19 09:33:38 - HTTP Request: POST https://api.telegram.org/bot7836652307:AAEpBPtzQ0XIbMVP4IDdYifD60xPUza0sug/sendMessage "HTTP/1.1 200 OK"
2026-01-19 09:33:39 - HTTP Request: POST https://api.telegram.org/bot7836652307:AAEpBPtzQ0XIbMVP4IDdYifD60xPUza0sug/sendMessage "HTTP/1.1 200 OK"
2026-01-19 09:33:39 - HTTP Request: POST https://api.telegram.org/bot7836652307:AAEpBPtzQ0XIbMVP4IDdYifD60xPUza0sug/sendMessage "HTTP/1.1 200 OK"
2026-01-19 09:33:47 - HTTP Request: POST https://api.telegram.org/bot7836652307:AAEpBPtzQ0XIbMVP4IDdYifD60xPUza0sug/getUpdates "HTTP/1.1 200 OK"
2026-01-19 09:33:48 - HTTP Request: POST https://api.telegram.org/bot7836652307:AAEpBPtzQ0XIbMVP4IDdYifD60xPUza0sug/sendMessage "HTTP/1.1 200 OK"
2026-01-19 09:33:49 - HTTP Request: POST https://api.telegram.org/bot7836652307:AAEpBPtzQ0XIbMVP4IDdYifD60xPUza0sug/sendMessage "HTTP/1.1 200 OK"
2026-01-19 09:33:49 - HTTP Request: POST https://api.telegram.org/bot7836652307:AAEpBPtzQ0XIbMVP4IDdYifD60xPUza0sug/sendMessage "HTTP/1.1 200 OK"
2026-01-19 09:33:55 - HTTP Request: POST https://api.telegram.org/bot7836652307:AAEpBPtzQ0XIbMVP4IDdYifD60xPUza0sug/getUpdates "HTTP/1.1 200 OK"
2026-01-19 09:33:56 - HTTP Request: POST https://api.telegram.org/bot7836652307:AAEpBPtzQ0XIbMVP4IDdYifD60xPUza0sug/sendMessage "HTTP/1.1 200 OK"
2026-01-19 09:34:06 - HTTP Request: POST https://api.telegram.org/bot7836652307:AAEpBPtzQ0XIbMVP4IDdYifD60xPUza0sug/getUpdates "HTTP/1.1 200 OK"
2026-01-19 09:34:16 - HTTP Request: POST https://api.telegram.org/bot7836652307:AAEpBPtzQ0XIbMVP4IDdYifD60xPUza0sug/getUpdates "HTTP/1.1 200 OK"
2026-01-19 09:34:27 - HTTP Request: POST https://api.telegram.org/bot7836652307:AAEpBPtzQ0XIbMVP4IDdYifD60xPUza0sug/getUpdates "HTTP/1.1 200 OK"
2026-01-19 09:34:37 - HTTP Request: POST https://api.telegram.org/bot7836652307:AAEpBPtzQ0XIbMVP4IDdYifD60xPUza0sug/getUpdates "HTTP/1.1 200 OK"
2026-01-19 09:34:47 - HTTP Request: POST https://api.telegram.org/bot7836652307:AAEpBPtzQ0XIbMVP4IDdYifD60xPUza0sug/getUpdates "HTTP/1.1 200 OK"
2026-01-19 09:34:58 - HTTP Request: POST https://api.telegram.org/bot7836652307:AAEpBPtzQ0XIbMVP4IDdYifD60xPUza0sug/getUpdates "HTTP/1.1 200 OK"
2026-01-19 09:35:08 - HTTP Request: POST https://api.telegram.org/bot7836652307:AAEpBPtzQ0XIbMVP4IDdYifD60xPUza0sug/getUpdates "HTTP/1.1 200 OK"
2026-01-19 09:35:18 - HTTP Request: POST https://api.telegram.org/bot7836652307:AAEpBPtzQ0XIbMVP4IDdYifD60xPUza0sug/getUpdates "HTTP/1.1 200 OK"
2026-01-19 09:35:29 - HTTP Request: POST https://api.telegram.org/bot7836652307:AAEpBPtzQ0XIbMVP4IDdYifD60xPUza0sug/getUpdates "HTTP/1.1 200 OK"
2026-01-19 09:35:39 - HTTP Request: POST https://api.telegram.org/bot7836652307:AAEpBPtzQ0XIbMVP4IDdYifD60xPUza0sug/getUpdates "HTTP/1.1 200 OK"
2026-01-19 09:35:49 - HTTP Request: POST https://api.telegram.org/bot7836652307:AAEpBPtzQ0XIbMVP4IDdYifD60xPUza0sug/getUpdates "HTTP/1.1 200 OK"
2026-01-19 09:36:00 - HTTP Request: POST https://api.telegram.org/bot7836652307:AAEpBPtzQ0XIbMVP4IDdYifD60xPUza0sug/getUpdates "HTTP/1.1 200 OK"
2026-01-19 09:36:10 - HTTP Request: POST https://api.telegram.org/bot7836652307:AAEpBPtzQ0XIbMVP4IDdYifD60xPUza0sug/getUpdates "HTTP/1.1 200 OK"
2026-01-19 09:36:20 - HTTP Request: POST https://api.telegram.org/bot7836652307:AAEpBPtzQ0XIbMVP4IDdYifD60xPUza0sug/getUpdates "HTTP/1.1 200 OK"
2026-01-19 09:36:31 - HTTP Request: POST https://api.telegram.org/bot7836652307:AAEpBPtzQ0XIbMVP4IDdYifD60xPUza0sug/getUpdates "HTTP/1.1 200 OK"
2026-01-19 09:36:41 - HTTP Request: POST https://api.telegram.org/bot7836652307:AAEpBPtzQ0XIbMVP4IDdYifD60xPUza0sug/getUpdates "HTTP/1.1 200 OK"
2026-01-19 09:36:51 - HTTP Request: POST https://api.telegram.org/bot7836652307:AAEpBPtzQ0XIbMVP4IDdYifD60xPUza0sug/getUpdates "HTTP/1.1 200 OK"
2026-01-19 09:37:02 - HTTP Request: POST https://api.telegram.org/bot7836652307:AAEpBPtzQ0XIbMVP4IDdYifD60xPUza0sug/getUpdates "HTTP/1.1 200 OK"
2026-01-19 09:37:12 - HTTP Request: POST https://api.telegram.org/bot7836652307:AAEpBPtzQ0XIbMVP4IDdYifD60xPUza0sug/getUpdates "HTTP/1.1 200 OK"
2026-01-19 09:37:22 - HTTP Request: POST https://api.telegram.org/bot7836652307:AAEpBPtzQ0XIbMVP4IDdYifD60xPUza0sug/getUpdates "HTTP/1.1 200 OK"
2026-01-19 09:37:33 - HTTP Request: POST https://api.telegram.org/bot7836652307:AAEpBPtzQ0XIbMVP4IDdYifD60xPUza0sug/getUpdates "HTTP/1.1 200 OK"
2026-01-19 09:37:43 - HTTP Request: POST https://api.telegram.org/bot7836652307:AAEpBPtzQ0XIbMVP4IDdYifD60xPUza0sug/getUpdates "HTTP/1.1 200 OK"
2026-01-19 09:37:53 - HTTP Request: POST https://api.telegram.org/bot7836652307:AAEpBPtzQ0XIbMVP4IDdYifD60xPUza0sug/getUpdates "HTTP/1.1 200 OK"
2026-01-19 09:38:04 - HTTP Request: POST https://api.telegram.org/bot7836652307:AAEpBPtzQ0XIbMVP4IDdYifD60xPUza0sug/getUpdates "HTTP/1.1 200 OK"
2026-01-19 09:38:14 - HTTP Request: POST https://api.telegram.org/bot7836652307:AAEpBPtzQ0XIbMVP4IDdYifD60xPUza0sug/getUpdates "HTTP/1.1 200 OK"
2026-01-19 09:38:24 - HTTP Request: POST https://api.telegram.org/bot7836652307:AAEpBPtzQ0XIbMVP4IDdYifD60xPUza0sug/getUpdates "HTTP/1.1 200 OK"
2026-01-19 09:38:35 - HTTP Request: POST https://api.telegram.org/bot7836652307:AAEpBPtzQ0XIbMVP4IDdYifD60xPUza0sug/getUpdates "HTTP/1.1 200 OK"
2026-01-19 09:38:45 - HTTP Request: POST https://api.telegram.org/bot7836652307:AAEpBPtzQ0XIbMVP4IDdYifD60xPUza0sug/getUpdates "HTTP/1.1 200 OK"
2026-01-19 09:38:55 - HTTP Request: POST https://api.telegram.org/bot7836652307:AAEpBPtzQ0XIbMVP4IDdYifD60xPUza0sug/getUpdates "HTTP/1.1 200 OK"
2026-01-19 09:39:06 - HTTP Request: POST https://api.telegram.org/bot7836652307:AAEpBPtzQ0XIbMVP4IDdYifD60xPUza0sug/getUpdates "HTTP/1.1 200 OK"
2026-01-19 09:39:16 - HTTP Request: POST https://api.telegram.org/bot7836652307:AAEpBPtzQ0XIbMVP4IDdYifD60xPUza0sug/getUpdates "HTTP/1.1 200 OK"
2026-01-19 09:39:26 - HTTP Request: POST https://api.telegram.org/bot7836652307:AAEpBPtzQ0XIbMVP4IDdYifD60xPUza0sug/getUpdates "HTTP/1.1 200 OK"
2026-01-19 09:39:37 - HTTP Request: POST https://api.telegram.org/bot7836652307:AAEpBPtzQ0XIbMVP4IDdYifD60xPUza0sug/getUpdates "HTTP/1.1 200 OK"
2026-01-19 09:39:47 - HTTP Request: POST https://api.telegram.org/bot7836652307:AAEpBPtzQ0XIbMVP4IDdYifD60xPUza0sug/getUpdates "HTTP/1.1 200 OK"
2026-01-19 09:39:58 - HTTP Request: POST https://api.telegram.org/bot7836652307:AAEpBPtzQ0XIbMVP4IDdYifD60xPUza0sug/getUpdates "HTTP/1.1 200 OK"
2026-01-19 09:40:08 - HTTP Request: POST https://api.telegram.org/bot7836652307:AAEpBPtzQ0XIbMVP4IDdYifD60xPUza0sug/getUpdates "HTTP/1.1 200 OK"
2026-01-19 09:40:18 - HTTP Request: POST https://api.telegram.org/bot7836652307:AAEpBPtzQ0XIbMVP4IDdYifD60xPUza0sug/getUpdates "HTTP/1.1 200 OK"
2026-01-19 09:40:29 - HTTP Request: POST https://api.telegram.org/bot7836652307:AAEpBPtzQ0XIbMVP4IDdYifD60xPUza0sug/getUpdates "HTTP/1.1 200 OK"
2026-01-19 09:40:39 - HTTP Request: POST https://api.telegram.org/bot7836652307:AAEpBPtzQ0XIbMVP4IDdYifD60xPUza0sug/getUpdates "HTTP/1.1 200 OK"
2026-01-19 09:40:49 - HTTP Request: POST https://api.telegram.org/bot7836652307:AAEpBPtzQ0XIbMVP4IDdYifD60xPUza0sug/getUpdates "HTTP/1.1 200 OK"
2026-01-19 09:41:00 - HTTP Request: POST https://api.telegram.org/bot7836652307:AAEpBPtzQ0XIbMVP4IDdYifD60xPUza0sug/getUpdates "HTTP/1.1 200 OK"
2026-01-19 09:41:10 - HTTP Request: POST https://api.telegram.org/bot7836652307:AAEpBPtzQ0XIbMVP4IDdYifD60xPUza0sug/getUpdates "HTTP/1.1 200 OK"
2026-01-19 09:41:20 - HTTP Request: POST https://api.telegram.org/bot7836652307:AAEpBPtzQ0XIbMVP4IDdYifD60xPUza0sug/getUpdates "HTTP/1.1 200 OK"
2026-01-19 09:41:31 - HTTP Request: POST https://api.telegram.org/bot7836652307:AAEpBPtzQ0XIbMVP4IDdYifD60xPUza0sug/getUpdates "HTTP/1.1 200 OK"
2026-01-19 09:41:41 - HTTP Request: POST https://api.telegram.org/bot7836652307:AAEpBPtzQ0XIbMVP4IDdYifD60xPUza0sug/getUpdates "HTTP/1.1 200 OK"
2026-01-19 09:41:51 - HTTP Request: POST https://api.telegram.org/bot7836652307:AAEpBPtzQ0XIbMVP4IDdYifD60xPUza0sug/getUpdates "HTTP/1.1 200 OK"
2026-01-19 09:42:02 - HTTP Request: POST https://api.telegram.org/bot7836652307:AAEpBPtzQ0XIbMVP4IDdYifD60xPUza0sug/getUpdates "HTTP/1.1 200 OK"
2026-01-19 09:42:12 - HTTP Request: POST https://api.telegram.org/bot7836652307:AAEpBPtzQ0XIbMVP4IDdYifD60xPUza0sug/getUpdates "HTTP/1.1 200 OK"
2026-01-19 09:42:22 - HTTP Request: POST https://api.telegram.org/bot7836652307:AAEpBPtzQ0XIbMVP4IDdYifD60xPUza0sug/getUpdates "HTTP/1.1 200 OK"
2026-01-19 09:42:33 - HTTP Request: POST https://api.telegram.org/bot7836652307:AAEpBPtzQ0XIbMVP4IDdYifD60xPUza0sug/getUpdates "HTTP/1.1 200 OK"
2026-01-19 09:42:43 - HTTP Request: POST https://api.telegram.org/bot7836652307:AAEpBPtzQ0XIbMVP4IDdYifD60xPUza0sug/getUpdates "HTTP/1.1 200 OK"
2026-01-19 09:42:53 - HTTP Request: POST https://api.telegram.org/bot7836652307:AAEpBPtzQ0XIbMVP4IDdYifD60xPUza0sug/getUpdates "HTTP/1.1 200 OK"
2026-01-19 09:43:04 - HTTP Request: POST https://api.telegram.org/bot7836652307:AAEpBPtzQ0XIbMVP4IDdYifD60xPUza0sug/getUpdates "HTTP/1.1 200 OK"
2026-01-19 09:43:14 - HTTP Request: POST https://api.telegram.org/bot7836652307:AAEpBPtzQ0XIbMVP4IDdYifD60xPUza0sug/getUpdates "HTTP/1.1 200 OK"
2026-01-19 09:43:24 - HTTP Request: POST https://api.telegram.org/bot7836652307:AAEpBPtzQ0XIbMVP4IDdYifD60xPUza0sug/getUpdates "HTTP/1.1 200 OK"
2026-01-19 09:43:35 - HTTP Request: POST https://api.telegram.org/bot7836652307:AAEpBPtzQ0XIbMVP4IDdYifD60xPUza0sug/getUpdates "HTTP/1.1 200 OK"
2026-01-19 09:43:45 - HTTP Request: POST https://api.telegram.org/bot7836652307:AAEpBPtzQ0XIbMVP4IDdYifD60xPUza0sug/getUpdates "HTTP/1.1 200 OK"
2026-01-19 09:43:56 - HTTP Request: POST https://api.telegram.org/bot7836652307:AAEpBPtzQ0XIbMVP4IDdYifD60xPUza0sug/getUpdates "HTTP/1.1 200 OK"
2026-01-19 09:44:06 - HTTP Request: POST https://api.telegram.org/bot7836652307:AAEpBPtzQ0XIbMVP4IDdYifD60xPUza0sug/getUpdates "HTTP/1.1 200 OK"
2026-01-19 09:44:14 - HTTP Request: POST https://api.telegram.org/bot7836652307:AAEpBPtzQ0XIbMVP4IDdYifD60xPUza0sug/getUpdates "HTTP/1.1 200 OK"
2026-01-19 09:44:15 - HTTP Request: POST https://api.telegram.org/bot7836652307:AAEpBPtzQ0XIbMVP4IDdYifD60xPUza0sug/sendMessage "HTTP/1.1 200 OK"
2026-01-19 09:44:25 - HTTP Request: POST https://api.telegram.org/bot7836652307:AAEpBPtzQ0XIbMVP4IDdYifD60xPUza0sug/getUpdates "HTTP/1.1 200 OK"
2026-01-19 09:44:35 - HTTP Request: POST https://api.telegram.org/bot7836652307:AAEpBPtzQ0XIbMVP4IDdYifD60xPUza0sug/getUpdates "HTTP/1.1 200 OK"
2026-01-19 09:44:45 - HTTP Request: POST https://api.telegram.org/bot7836652307:AAEpBPtzQ0XIbMVP4IDdYifD60xPUza0sug/getUpdates "HTTP/1.1 200 OK"
2026-01-19 09:44:56 - HTTP Request: POST https://api.telegram.org/bot7836652307:AAEpBPtzQ0XIbMVP4IDdYifD60xPUza0sug/getUpdates "HTTP/1.1 200 OK"
2026-01-19 09:45:06 - HTTP Request: POST https://api.telegram.org/bot7836652307:AAEpBPtzQ0XIbMVP4IDdYifD60xPUza0sug/getUpdates "HTTP/1.1 200 OK"
2026-01-19 09:45:17 - HTTP Request: POST https://api.telegram.org/bot7836652307:AAEpBPtzQ0XIbMVP4IDdYifD60xPUza0sug/getUpdates "HTTP/1.1 200 OK"
2026-01-19 09:45:27 - HTTP Request: POST https://api.telegram.org/bot7836652307:AAEpBPtzQ0XIbMVP4IDdYifD60xPUza0sug/getUpdates "HTTP/1.1 200 OK"
2026-01-19 09:45:37 - HTTP Request: POST https://api.telegram.org/bot7836652307:AAEpBPtzQ0XIbMVP4IDdYifD60xPUza0sug/getUpdates "HTTP/1.1 200 OK"
2026-01-19 09:45:48 - HTTP Request: POST https://api.telegram.org/bot7836652307:AAEpBPtzQ0XIbMVP4IDdYifD60xPUza0sug/getUpdates "HTTP/1.1 200 OK"
2026-01-19 09:45:58 - HTTP Request: POST https://api.telegram.org/bot7836652307:AAEpBPtzQ0XIbMVP4IDdYifD60xPUza0sug/getUpdates "HTTP/1.1 200 OK"
2026-01-19 09:46:08 - HTTP Request: POST https://api.telegram.org/bot7836652307:AAEpBPtzQ0XIbMVP4IDdYifD60xPUza0sug/getUpdates "HTTP/1.1 200 OK"
2026-01-19 09:46:19 - HTTP Request: POST https://api.telegram.org/bot7836652307:AAEpBPtzQ0XIbMVP4IDdYifD60xPUza0sug/getUpdates "HTTP/1.1 200 OK"
2026-01-19 09:46:29 - HTTP Request: POST https://api.telegram.org/bot7836652307:AAEpBPtzQ0XIbMVP4IDdYifD60xPUza0sug/getUpdates "HTTP/1.1 200 OK"
2026-01-19 09:46:39 - HTTP Request: POST https://api.telegram.org/bot7836652307:AAEpBPtzQ0XIbMVP4IDdYifD60xPUza0sug/getUpdates "HTTP/1.1 200 OK"
2026-01-19 09:46:50 - HTTP Request: POST https://api.telegram.org/bot7836652307:AAEpBPtzQ0XIbMVP4IDdYifD60xPUza0sug/getUpdates "HTTP/1.1 200 OK"
2026-01-19 09:47:00 - HTTP Request: POST https://api.telegram.org/bot7836652307:AAEpBPtzQ0XIbMVP4IDdYifD60xPUza0sug/getUpdates "HTTP/1.1 200 OK"
2026-01-19 09:47:10 - HTTP Request: POST https://api.telegram.org/bot7836652307:AAEpBPtzQ0XIbMVP4IDdYifD60xPUza0sug/getUpdates "HTTP/1.1 200 OK"
2026-01-19 09:47:21 - HTTP Request: POST https://api.telegram.org/bot7836652307:AAEpBPtzQ0XIbMVP4IDdYifD60xPUza0sug/getUpdates "HTTP/1.1 200 OK"
2026-01-19 09:47:31 - HTTP Request: POST https://api.telegram.org/bot7836652307:AAEpBPtzQ0XIbMVP4IDdYifD60xPUza0sug/getUpdates "HTTP/1.1 200 OK"
2026-01-19 09:47:41 - HTTP Request: POST https://api.telegram.org/bot7836652307:AAEpBPtzQ0XIbMVP4IDdYifD60xPUza0sug/getUpdates "HTTP/1.1 200 OK"
2026-01-19 09:47:52 - HTTP Request: POST https://api.telegram.org/bot7836652307:AAEpBPtzQ0XIbMVP4IDdYifD60xPUza0sug/getUpdates "HTTP/1.1 200 OK"
2026-01-19 09:48:02 - HTTP Request: POST https://api.telegram.org/bot7836652307:AAEpBPtzQ0XIbMVP4IDdYifD60xPUza0sug/getUpdates "HTTP/1.1 200 OK"
2026-01-19 09:48:12 - HTTP Request: POST https://api.telegram.org/bot7836652307:AAEpBPtzQ0XIbMVP4IDdYifD60xPUza0sug/getUpdates "HTTP/1.1 200 OK"
2026-01-19 09:48:23 - HTTP Request: POST https://api.telegram.org/bot7836652307:AAEpBPtzQ0XIbMVP4IDdYifD60xPUza0sug/getUpdates "HTTP/1.1 200 OK"
2026-01-19 09:48:33 - HTTP Request: POST https://api.telegram.org/bot7836652307:AAEpBPtzQ0XIbMVP4IDdYifD60xPUza0sug/getUpdates "HTTP/1.1 200 OK"
2026-01-19 09:48:43 - HTTP Request: POST https://api.telegram.org/bot7836652307:AAEpBPtzQ0XIbMVP4IDdYifD60xPUza0sug/getUpdates "HTTP/1.1 200 OK"
2026-01-19 09:48:53 - HTTP Request: POST https://api.telegram.org/bot7836652307:AAEpBPtzQ0XIbMVP4IDdYifD60xPUza0sug/getMe "HTTP/1.1 200 OK"
2026-01-19 09:48:53 - HTTP Request: POST https://api.telegram.org/bot7836652307:AAEpBPtzQ0XIbMVP4IDdYifD60xPUza0sug/deleteWebhook "HTTP/1.1 200 OK"
2026-01-19 09:48:53 - Application started
2026-01-19 09:49:03 - HTTP Request: POST https://api.telegram.org/bot7836652307:AAEpBPtzQ0XIbMVP4IDdYifD60xPUza0sug/getUpdates "HTTP/1.1 200 OK"
2026-01-19 09:49:03 - ID: 1374307835 | Usuario: Oscar | Acción: INICIO DE CHAT (Start Timer)
2026-01-19 09:49:04 - HTTP Request: POST https://api.telegram.org/bot7836652307:AAEpBPtzQ0XIbMVP4IDdYifD60xPUza0sug/sendMessage "HTTP/1.1 200 OK"
2026-01-19 09:49:06 - HTTP Request: POST https://api.telegram.org/bot7836652307:AAEpBPtzQ0XIbMVP4IDdYifD60xPUza0sug/getUpdates "HTTP/1.1 200 OK"
2026-01-19 09:49:06 - ID: 1374307835 | Usuario: Oscar | Acción: Consulta Beneficios
2026-01-19 09:49:07 - HTTP Request: POST https://api.telegram.org/bot7836652307:AAEpBPtzQ0XIbMVP4IDdYifD60xPUza0sug/sendMessage "HTTP/1.1 200 OK"
2026-01-19 09:49:16 - HTTP Request: POST https://api.telegram.org/bot7836652307:AAEpBPtzQ0XIbMVP4IDdYifD60xPUza0sug/getUpdates "HTTP/1.1 200 OK"
2026-01-19 09:49:26 - HTTP Request: POST https://api.telegram.org/bot7836652307:AAEpBPtzQ0XIbMVP4IDdYifD60xPUza0sug/getUpdates "HTTP/1.1 200 OK"
2026-01-19 09:49:26 - ID: 1374307835 | Usuario: Oscar | Acción: Solicita Asesor
2026-01-19 09:49:27 - HTTP Request: POST https://api.telegram.org/bot7836652307:AAEpBPtzQ0XIbMVP4IDdYifD60xPUza0sug/sendMessage "HTTP/1.1 200 OK"
2026-01-19 09:49:36 - HTTP Request: POST https://api.telegram.org/bot7836652307:AAEpBPtzQ0XIbMVP4IDdYifD60xPUza0sug/getUpdates "HTTP/1.1 200 OK"
2026-01-19 09:49:38 - HTTP Request: POST https://api.telegram.org/bot7836652307:AAEpBPtzQ0XIbMVP4IDdYifD60xPUza0sug/getUpdates "HTTP/1.1 200 OK"
2026-01-19 09:49:39 - HTTP Request: POST https://api.telegram.org/bot7836652307:AAEpBPtzQ0XIbMVP4IDdYifD60xPUza0sug/sendMessage "HTTP/1.1 200 OK"
2026-01-19 09:49:47 - HTTP Request: POST https://api.telegram.org/bot7836652307:AAEpBPtzQ0XIbMVP4IDdYifD60xPUza0sug/getUpdates "HTTP/1.1 200 OK"
2026-01-19 09:49:47 - ID: 1374307835 | Usuario: Oscar | Acción: Enviando SMS a terminación 4937
2026-01-19 09:49:48 - HTTP Request: POST https://api.telegram.org/bot7836652307:AAEpBPtzQ0XIbMVP4IDdYifD60xPUza0sug/sendMessage "HTTP/1.1 200 OK"
2026-01-19 09:49:58 - HTTP Request: POST https://api.telegram.org/bot7836652307:AAEpBPtzQ0XIbMVP4IDdYifD60xPUza0sug/getUpdates "HTTP/1.1 200 OK"
2026-01-19 09:50:08 - HTTP Request: POST https://api.telegram.org/bot7836652307:AAEpBPtzQ0XIbMVP4IDdYifD60xPUza0sug/getUpdates "HTTP/1.1 200 OK"
2026-01-19 09:50:18 - HTTP Request: POST https://api.telegram.org/bot7836652307:AAEpBPtzQ0XIbMVP4IDdYifD60xPUza0sug/getUpdates "HTTP/1.1 200 OK"
2026-01-19 09:50:29 - HTTP Request: POST https://api.telegram.org/bot7836652307:AAEpBPtzQ0XIbMVP4IDdYifD60xPUza0sug/getUpdates "HTTP/1.1 200 OK"
2026-01-19 09:50:36 - HTTP Request: POST https://api.telegram.org/bot7836652307:AAEpBPtzQ0XIbMVP4IDdYifD60xPUza0sug/getUpdates "HTTP/1.1 200 OK"
2026-01-19 09:50:36 - Application is stopping. This might take a moment.
2026-01-19 09:50:36 - Application.stop() complete
2026-01-19 09:50:42 - HTTP Request: POST https://api.telegram.org/bot7836652307:AAEpBPtzQ0XIbMVP4IDdYifD60xPUza0sug/getMe "HTTP/1.1 200 OK"
2026-01-19 09:50:42 - HTTP Request: POST https://api.telegram.org/bot7836652307:AAEpBPtzQ0XIbMVP4IDdYifD60xPUza0sug/deleteWebhook "HTTP/1.1 200 OK"
2026-01-19 09:50:42 - Application started
2026-01-19 09:50:51 - HTTP Request: POST https://api.telegram.org/bot7836652307:AAEpBPtzQ0XIbMVP4IDdYifD60xPUza0sug/getUpdates "HTTP/1.1 200 OK"
2026-01-19 09:50:51 - ID: 1374307835 | Usuario: Oscar | Acción: INICIO DE CHAT (Start Timer)
2026-01-19 09:50:52 - HTTP Request: POST https://api.telegram.org/bot7836652307:AAEpBPtzQ0XIbMVP4IDdYifD60xPUza0sug/sendMessage "HTTP/1.1 200 OK"
2026-01-19 09:50:53 - HTTP Request: POST https://api.telegram.org/bot7836652307:AAEpBPtzQ0XIbMVP4IDdYifD60xPUza0sug/getUpdates "HTTP/1.1 200 OK"
2026-01-19 09:50:53 - ID: 1374307835 | Usuario: Oscar | Acción: Consulta Beneficios
2026-01-19 09:50:54 - HTTP Request: POST https://api.telegram.org/bot7836652307:AAEpBPtzQ0XIbMVP4IDdYifD60xPUza0sug/sendMessage "HTTP/1.1 200 OK"
2026-01-19 09:51:03 - HTTP Request: POST https://api.telegram.org/bot7836652307:AAEpBPtzQ0XIbMVP4IDdYifD60xPUza0sug/getUpdates "HTTP/1.1 200 OK"
2026-01-19 09:51:14 - HTTP Request: POST https://api.telegram.org/bot7836652307:AAEpBPtzQ0XIbMVP4IDdYifD60xPUza0sug/getUpdates "HTTP/1.1 200 OK"
2026-01-19 09:51:24 - HTTP Request: POST https://api.telegram.org/bot7836652307:AAEpBPtzQ0XIbMVP4IDdYifD60xPUza0sug/getUpdates "HTTP/1.1 200 OK"
2026-01-19 09:51:31 - HTTP Request: POST https://api.telegram.org/bot7836652307:AAEpBPtzQ0XIbMVP4IDdYifD60xPUza0sug/getUpdates "HTTP/1.1 200 OK"
2026-01-19 09:51:32 - HTTP Request: POST https://api.telegram.org/bot7836652307:AAEpBPtzQ0XIbMVP4IDdYifD60xPUza0sug/sendMessage "HTTP/1.1 200 OK"
2026-01-19 09:51:41 - HTTP Request: POST https://api.telegram.org/bot7836652307:AAEpBPtzQ0XIbMVP4IDdYifD60xPUza0sug/getUpdates "HTTP/1.1 200 OK"
2026-01-19 09:51:52 - HTTP Request: POST https://api.telegram.org/bot7836652307:AAEpBPtzQ0XIbMVP4IDdYifD60xPUza0sug/getUpdates "HTTP/1.1 200 OK"
2026-01-19 09:52:02 - HTTP Request: POST https://api.telegram.org/bot7836652307:AAEpBPtzQ0XIbMVP4IDdYifD60xPUza0sug/getUpdates "HTTP/1.1 200 OK"
2026-01-19 09:52:12 - HTTP Request: POST https://api.telegram.org/bot7836652307:AAEpBPtzQ0XIbMVP4IDdYifD60xPUza0sug/getUpdates "HTTP/1.1 200 OK"
2026-01-19 09:52:14 - HTTP Request: POST https://api.telegram.org/bot7836652307:AAEpBPtzQ0XIbMVP4IDdYifD60xPUza0sug/getUpdates "HTTP/1.1 200 OK"
2026-01-19 09:52:14 - ID: 1374307835 | Usuario: Oscar | Acción: Enviando SMS con el codigo 390027 a terminación 4937
2026-01-19 09:52:15 - HTTP Request: POST https://api.telegram.org/bot7836652307:AAEpBPtzQ0XIbMVP4IDdYifD60xPUza0sug/sendMessage "HTTP/1.1 200 OK"
2026-01-19 09:52:25 - HTTP Request: POST https://api.telegram.org/bot7836652307:AAEpBPtzQ0XIbMVP4IDdYifD60xPUza0sug/getUpdates "HTTP/1.1 200 OK"
2026-01-19 09:52:35 - HTTP Request: POST https://api.telegram.org/bot7836652307:AAEpBPtzQ0XIbMVP4IDdYifD60xPUza0sug/getUpdates "HTTP/1.1 200 OK"
2026-01-19 09:52:35 - ID: 1374307835 | Usuario: Oscar | Acción: AUTENTICACIÓN EXITOSA
2026-01-19 09:52:36 - HTTP Request: POST https://api.telegram.org/bot7836652307:AAEpBPtzQ0XIbMVP4IDdYifD60xPUza0sug/sendMessage "HTTP/1.1 200 OK"
2026-01-19 09:52:36 - ID: 1374307835 | Usuario: Oscar | Acción: Vio Saldo
2026-01-19 09:52:36 - HTTP Request: POST https://api.telegram.org/bot7836652307:AAEpBPtzQ0XIbMVP4IDdYifD60xPUza0sug/sendMessage "HTTP/1.1 200 OK"
2026-01-19 09:52:37 - HTTP Request: POST https://api.telegram.org/bot7836652307:AAEpBPtzQ0XIbMVP4IDdYifD60xPUza0sug/sendMessage "HTTP/1.1 200 OK"
2026-01-19 09:52:45 - HTTP Request: POST https://api.telegram.org/bot7836652307:AAEpBPtzQ0XIbMVP4IDdYifD60xPUza0sug/getUpdates "HTTP/1.1 200 OK"
2026-01-19 09:52:56 - HTTP Request: POST https://api.telegram.org/bot7836652307:AAEpBPtzQ0XIbMVP4IDdYifD60xPUza0sug/getUpdates "HTTP/1.1 200 OK"
2026-01-19 09:53:06 - HTTP Request: POST https://api.telegram.org/bot7836652307:AAEpBPtzQ0XIbMVP4IDdYifD60xPUza0sug/getUpdates "HTTP/1.1 200 OK"
2026-01-19 09:53:16 - HTTP Request: POST https://api.telegram.org/bot7836652307:AAEpBPtzQ0XIbMVP4IDdYifD60xPUza0sug/getUpdates "HTTP/1.1 200 OK"
2026-01-19 09:53:27 - HTTP Request: POST https://api.telegram.org/bot7836652307:AAEpBPtzQ0XIbMVP4IDdYifD60xPUza0sug/getUpdates "HTTP/1.1 200 OK"
2026-01-19 09:53:37 - HTTP Request: POST https://api.telegram.org/bot7836652307:AAEpBPtzQ0XIbMVP4IDdYifD60xPUza0sug/getUpdates "HTTP/1.1 200 OK"
2026-01-19 09:53:48 - HTTP Request: POST https://api.telegram.org/bot7836652307:AAEpBPtzQ0XIbMVP4IDdYifD60xPUza0sug/getUpdates "HTTP/1.1 200 OK"
2026-01-19 09:53:58 - HTTP Request: POST https://api.telegram.org/bot7836652307:AAEpBPtzQ0XIbMVP4IDdYifD60xPUza0sug/getUpdates "HTTP/1.1 200 OK"
2026-01-19 09:54:08 - HTTP Request: POST https://api.telegram.org/bot7836652307:AAEpBPtzQ0XIbMVP4IDdYifD60xPUza0sug/getUpdates "HTTP/1.1 200 OK"
2026-01-19 09:54:19 - HTTP Request: POST https://api.telegram.org/bot7836652307:AAEpBPtzQ0XIbMVP4IDdYifD60xPUza0sug/getUpdates "HTTP/1.1 200 OK"
2026-01-19 09:54:29 - HTTP Request: POST https://api.telegram.org/bot7836652307:AAEpBPtzQ0XIbMVP4IDdYifD60xPUza0sug/getUpdates "HTTP/1.1 200 OK"
2026-01-19 09:54:39 - HTTP Request: POST https://api.telegram.org/bot7836652307:AAEpBPtzQ0XIbMVP4IDdYifD60xPUza0sug/getUpdates "HTTP/1.1 200 OK"
2026-01-19 09:54:50 - HTTP Request: POST https://api.telegram.org/bot7836652307:AAEpBPtzQ0XIbMVP4IDdYifD60xPUza0sug/getUpdates "HTTP/1.1 200 OK"
2026-01-19 09:55:00 - HTTP Request: POST https://api.telegram.org/bot7836652307:AAEpBPtzQ0XIbMVP4IDdYifD60xPUza0sug/getUpdates "HTTP/1.1 200 OK"
2026-01-19 09:55:10 - HTTP Request: POST https://api.telegram.org/bot7836652307:AAEpBPtzQ0XIbMVP4IDdYifD60xPUza0sug/getUpdates "HTTP/1.1 200 OK"
2026-01-19 09:55:21 - HTTP Request: POST https://api.telegram.org/bot7836652307:AAEpBPtzQ0XIbMVP4IDdYifD60xPUza0sug/getUpdates "HTTP/1.1 200 OK"
2026-01-19 09:55:31 - HTTP Request: POST https://api.telegram.org/bot7836652307:AAEpBPtzQ0XIbMVP4IDdYifD60xPUza0sug/getUpdates "HTTP/1.1 200 OK"
2026-01-19 09:55:41 - HTTP Request: POST https://api.telegram.org/bot7836652307:AAEpBPtzQ0XIbMVP4IDdYifD60xPUza0sug/getUpdates "HTTP/1.1 200 OK"
2026-01-19 09:55:52 - HTTP Request: POST https://api.telegram.org/bot7836652307:AAEpBPtzQ0XIbMVP4IDdYifD60xPUza0sug/getUpdates "HTTP/1.1 200 OK"
2026-01-19 09:56:02 - HTTP Request: POST https://api.telegram.org/bot7836652307:AAEpBPtzQ0XIbMVP4IDdYifD60xPUza0sug/getUpdates "HTTP/1.1 200 OK"
2026-01-19 09:56:12 - HTTP Request: POST https://api.telegram.org/bot7836652307:AAEpBPtzQ0XIbMVP4IDdYifD60xPUza0sug/getUpdates "HTTP/1.1 200 OK"
2026-01-19 09:56:23 - HTTP Request: POST https://api.telegram.org/bot7836652307:AAEpBPtzQ0XIbMVP4IDdYifD60xPUza0sug/getUpdates "HTTP/1.1 200 OK"
2026-01-19 09:56:33 - HTTP Request: POST https://api.telegram.org/bot7836652307:AAEpBPtzQ0XIbMVP4IDdYifD60xPUza0sug/getUpdates "HTTP/1.1 200 OK"
2026-01-19 09:56:43 - HTTP Request: POST https://api.telegram.org/bot7836652307:AAEpBPtzQ0XIbMVP4IDdYifD60xPUza0sug/getUpdates "HTTP/1.1 200 OK"
2026-01-19 09:56:54 - HTTP Request: POST https://api.telegram.org/bot7836652307:AAEpBPtzQ0XIbMVP4IDdYifD60xPUza0sug/getUpdates "HTTP/1.1 200 OK"
2026-01-19 09:57:04 - HTTP Request: POST https://api.telegram.org/bot7836652307:AAEpBPtzQ0XIbMVP4IDdYifD60xPUza0sug/getUpdates "HTTP/1.1 200 OK"
2026-01-19 09:57:15 - HTTP Request: POST https://api.telegram.org/bot7836652307:AAEpBPtzQ0XIbMVP4IDdYifD60xPUza0sug/getUpdates "HTTP/1.1 200 OK"
2026-01-19 09:57:25 - HTTP Request: POST https://api.telegram.org/bot7836652307:AAEpBPtzQ0XIbMVP4IDdYifD60xPUza0sug/getUpdates "HTTP/1.1 200 OK"
2026-01-19 09:57:35 - HTTP Request: POST https://api.telegram.org/bot7836652307:AAEpBPtzQ0XIbMVP4IDdYifD60xPUza0sug/getUpdates "HTTP/1.1 200 OK"
2026-01-19 09:57:46 - HTTP Request: POST https://api.telegram.org/bot7836652307:AAEpBPtzQ0XIbMVP4IDdYifD60xPUza0sug/getUpdates "HTTP/1.1 200 OK"
2026-01-19 09:57:56 - HTTP Request: POST https://api.telegram.org/bot7836652307:AAEpBPtzQ0XIbMVP4IDdYifD60xPUza0sug/getUpdates "HTTP/1.1 200 OK"
2026-01-19 09:58:06 - HTTP Request: POST https://api.telegram.org/bot7836652307:AAEpBPtzQ0XIbMVP4IDdYifD60xPUza0sug/getUpdates "HTTP/1.1 200 OK"
2026-01-19 09:58:17 - HTTP Request: POST https://api.telegram.org/bot7836652307:AAEpBPtzQ0XIbMVP4IDdYifD60xPUza0sug/getUpdates "HTTP/1.1 200 OK"
2026-01-19 09:58:27 - HTTP Request: POST https://api.telegram.org/bot7836652307:AAEpBPtzQ0XIbMVP4IDdYifD60xPUza0sug/getUpdates "HTTP/1.1 200 OK"
2026-01-19 09:58:37 - HTTP Request: POST https://api.telegram.org/bot7836652307:AAEpBPtzQ0XIbMVP4IDdYifD60xPUza0sug/getUpdates "HTTP/1.1 200 OK"
2026-01-19 09:58:48 - HTTP Request: POST https://api.telegram.org/bot7836652307:AAEpBPtzQ0XIbMVP4IDdYifD60xPUza0sug/getUpdates "HTTP/1.1 200 OK"
2026-01-19 09:58:58 - HTTP Request: POST https://api.telegram.org/bot7836652307:AAEpBPtzQ0XIbMVP4IDdYifD60xPUza0sug/getUpdates "HTTP/1.1 200 OK"
2026-01-19 09:59:08 - HTTP Request: POST https://api.telegram.org/bot7836652307:AAEpBPtzQ0XIbMVP4IDdYifD60xPUza0sug/getUpdates "HTTP/1.1 200 OK"
2026-01-19 09:59:19 - HTTP Request: POST https://api.telegram.org/bot7836652307:AAEpBPtzQ0XIbMVP4IDdYifD60xPUza0sug/getUpdates "HTTP/1.1 200 OK"
2026-01-19 09:59:29 - HTTP Request: POST https://api.telegram.org/bot7836652307:AAEpBPtzQ0XIbMVP4IDdYifD60xPUza0sug/getUpdates "HTTP/1.1 200 OK"
2026-01-19 09:59:39 - HTTP Request: POST https://api.telegram.org/bot7836652307:AAEpBPtzQ0XIbMVP4IDdYifD60xPUza0sug/getUpdates "HTTP/1.1 200 OK"
2026-01-19 09:59:50 - HTTP Request: POST https://api.telegram.org/bot7836652307:AAEpBPtzQ0XIbMVP4IDdYifD60xPUza0sug/getUpdates "HTTP/1.1 200 OK"
2026-01-19 10:00:00 - HTTP Request: POST https://api.telegram.org/bot7836652307:AAEpBPtzQ0XIbMVP4IDdYifD60xPUza0sug/getUpdates "HTTP/1.1 200 OK"
2026-01-19 10:00:10 - HTTP Request: POST https://api.telegram.org/bot7836652307:AAEpBPtzQ0XIbMVP4IDdYifD60xPUza0sug/getUpdates "HTTP/1.1 200 OK"
2026-01-19 10:00:21 - HTTP Request: POST https://api.telegram.org/bot7836652307:AAEpBPtzQ0XIbMVP4IDdYifD60xPUza0sug/getUpdates "HTTP/1.1 200 OK"
2026-01-19 10:00:31 - HTTP Request: POST https://api.telegram.org/bot7836652307:AAEpBPtzQ0XIbMVP4IDdYifD60xPUza0sug/getUpdates "HTTP/1.1 200 OK"
2026-01-19 10:00:41 - HTTP Request: POST https://api.telegram.org/bot7836652307:AAEpBPtzQ0XIbMVP4IDdYifD60xPUza0sug/getUpdates "HTTP/1.1 200 OK"
2026-01-19 10:00:52 - HTTP Request: POST https://api.telegram.org/bot7836652307:AAEpBPtzQ0XIbMVP4IDdYifD60xPUza0sug/getUpdates "HTTP/1.1 200 OK"
2026-01-19 10:01:02 - HTTP Request: POST https://api.telegram.org/bot7836652307:AAEpBPtzQ0XIbMVP4IDdYifD60xPUza0sug/getUpdates "HTTP/1.1 200 OK"
2026-01-19 10:01:12 - HTTP Request: POST https://api.telegram.org/bot7836652307:AAEpBPtzQ0XIbMVP4IDdYifD60xPUza0sug/getUpdates "HTTP/1.1 200 OK"
2026-01-19 10:01:23 - HTTP Request: POST https://api.telegram.org/bot7836652307:AAEpBPtzQ0XIbMVP4IDdYifD60xPUza0sug/getUpdates "HTTP/1.1 200 OK"
2026-01-19 10:01:33 - HTTP Request: POST https://api.telegram.org/bot7836652307:AAEpBPtzQ0XIbMVP4IDdYifD60xPUza0sug/getUpdates "HTTP/1.1 200 OK"
2026-01-19 10:01:43 - HTTP Request: POST https://api.telegram.org/bot7836652307:AAEpBPtzQ0XIbMVP4IDdYifD60xPUza0sug/getUpdates "HTTP/1.1 200 OK"
2026-01-19 10:01:54 - HTTP Request: POST https://api.telegram.org/bot7836652307:AAEpBPtzQ0XIbMVP4IDdYifD60xPUza0sug/getUpdates "HTTP/1.1 200 OK"
2026-01-19 10:02:04 - HTTP Request: POST https://api.telegram.org/bot7836652307:AAEpBPtzQ0XIbMVP4IDdYifD60xPUza0sug/getUpdates "HTTP/1.1 200 OK"
2026-01-19 10:02:14 - HTTP Request: POST https://api.telegram.org/bot7836652307:AAEpBPtzQ0XIbMVP4IDdYifD60xPUza0sug/getUpdates "HTTP/1.1 200 OK"
2026-01-19 10:02:25 - HTTP Request: POST https://api.telegram.org/bot7836652307:AAEpBPtzQ0XIbMVP4IDdYifD60xPUza0sug/getUpdates "HTTP/1.1 200 OK"
2026-01-19 10:02:35 - HTTP Request: POST https://api.telegram.org/bot7836652307:AAEpBPtzQ0XIbMVP4IDdYifD60xPUza0sug/getUpdates "HTTP/1.1 200 OK"
2026-01-19 10:02:46 - HTTP Request: POST https://api.telegram.org/bot7836652307:AAEpBPtzQ0XIbMVP4IDdYifD60xPUza0sug/getUpdates "HTTP/1.1 200 OK"
2026-01-19 10:02:56 - HTTP Request: POST https://api.telegram.org/bot7836652307:AAEpBPtzQ0XIbMVP4IDdYifD60xPUza0sug/getUpdates "HTTP/1.1 200 OK"
2026-01-19 10:03:06 - HTTP Request: POST https://api.telegram.org/bot7836652307:AAEpBPtzQ0XIbMVP4IDdYifD60xPUza0sug/getUpdates "HTTP/1.1 200 OK"
2026-01-19 10:03:17 - HTTP Request: POST https://api.telegram.org/bot7836652307:AAEpBPtzQ0XIbMVP4IDdYifD60xPUza0sug/getUpdates "HTTP/1.1 200 OK"
2026-01-19 10:03:27 - HTTP Request: POST https://api.telegram.org/bot7836652307:AAEpBPtzQ0XIbMVP4IDdYifD60xPUza0sug/getUpdates "HTTP/1.1 200 OK"
2026-01-19 10:03:37 - HTTP Request: POST https://api.telegram.org/bot7836652307:AAEpBPtzQ0XIbMVP4IDdYifD60xPUza0sug/getUpdates "HTTP/1.1 200 OK"
2026-01-19 10:03:48 - HTTP Request: POST https://api.telegram.org/bot7836652307:AAEpBPtzQ0XIbMVP4IDdYifD60xPUza0sug/getUpdates "HTTP/1.1 200 OK"
2026-01-19 10:03:58 - HTTP Request: POST https://api.telegram.org/bot7836652307:AAEpBPtzQ0XIbMVP4IDdYifD60xPUza0sug/getUpdates "HTTP/1.1 200 OK"
2026-01-19 10:04:08 - HTTP Request: POST https://api.telegram.org/bot7836652307:AAEpBPtzQ0XIbMVP4IDdYifD60xPUza0sug/getUpdates "HTTP/1.1 200 OK"
2026-01-19 10:04:19 - HTTP Request: POST https://api.telegram.org/bot7836652307:AAEpBPtzQ0XIbMVP4IDdYifD60xPUza0sug/getUpdates "HTTP/1.1 200 OK"
2026-01-19 10:04:29 - HTTP Request: POST https://api.telegram.org/bot7836652307:AAEpBPtzQ0XIbMVP4IDdYifD60xPUza0sug/getUpdates "HTTP/1.1 200 OK"
2026-01-19 10:04:39 - HTTP Request: POST https://api.telegram.org/bot7836652307:AAEpBPtzQ0XIbMVP4IDdYifD60xPUza0sug/getUpdates "HTTP/1.1 200 OK"
2026-01-19 10:04:50 - HTTP Request: POST https://api.telegram.org/bot7836652307:AAEpBPtzQ0XIbMVP4IDdYifD60xPUza0sug/getUpdates "HTTP/1.1 200 OK"
2026-01-19 10:05:00 - HTTP Request: POST https://api.telegram.org/bot7836652307:AAEpBPtzQ0XIbMVP4IDdYifD60xPUza0sug/getUpdates "HTTP/1.1 200 OK"
2026-01-19 10:05:10 - HTTP Request: POST https://api.telegram.org/bot7836652307:AAEpBPtzQ0XIbMVP4IDdYifD60xPUza0sug/getUpdates "HTTP/1.1 200 OK"
2026-01-19 10:05:21 - HTTP Request: POST https://api.telegram.org/bot7836652307:AAEpBPtzQ0XIbMVP4IDdYifD60xPUza0sug/getUpdates "HTTP/1.1 200 OK"
2026-01-19 10:05:31 - HTTP Request: POST https://api.telegram.org/bot7836652307:AAEpBPtzQ0XIbMVP4IDdYifD60xPUza0sug/getUpdates "HTTP/1.1 200 OK"
2026-01-19 10:05:42 - HTTP Request: POST https://api.telegram.org/bot7836652307:AAEpBPtzQ0XIbMVP4IDdYifD60xPUza0sug/getUpdates "HTTP/1.1 200 OK"
2026-01-19 10:05:52 - HTTP Request: POST https://api.telegram.org/bot7836652307:AAEpBPtzQ0XIbMVP4IDdYifD60xPUza0sug/getUpdates "HTTP/1.1 200 OK"
2026-01-19 10:06:02 - HTTP Request: POST https://api.telegram.org/bot7836652307:AAEpBPtzQ0XIbMVP4IDdYifD60xPUza0sug/getUpdates "HTTP/1.1 200 OK"
2026-01-19 10:06:13 - HTTP Request: POST https://api.telegram.org/bot7836652307:AAEpBPtzQ0XIbMVP4IDdYifD60xPUza0sug/getUpdates "HTTP/1.1 200 OK"
2026-01-19 10:06:23 - HTTP Request: POST https://api.telegram.org/bot7836652307:AAEpBPtzQ0XIbMVP4IDdYifD60xPUza0sug/getUpdates "HTTP/1.1 200 OK"
2026-01-19 10:06:33 - HTTP Request: POST https://api.telegram.org/bot7836652307:AAEpBPtzQ0XIbMVP4IDdYifD60xPUza0sug/getUpdates "HTTP/1.1 200 OK"
2026-01-19 10:06:44 - HTTP Request: POST https://api.telegram.org/bot7836652307:AAEpBPtzQ0XIbMVP4IDdYifD60xPUza0sug/getUpdates "HTTP/1.1 200 OK"
2026-01-19 10:06:54 - HTTP Request: POST https://api.telegram.org/bot7836652307:AAEpBPtzQ0XIbMVP4IDdYifD60xPUza0sug/getUpdates "HTTP/1.1 200 OK"
2026-01-19 10:07:04 - HTTP Request: POST https://api.telegram.org/bot7836652307:AAEpBPtzQ0XIbMVP4IDdYifD60xPUza0sug/getUpdates "HTTP/1.1 200 OK"
2026-01-19 10:07:15 - HTTP Request: POST https://api.telegram.org/bot7836652307:AAEpBPtzQ0XIbMVP4IDdYifD60xPUza0sug/getUpdates "HTTP/1.1 200 OK"
2026-01-19 10:07:25 - HTTP Request: POST https://api.telegram.org/bot7836652307:AAEpBPtzQ0XIbMVP4IDdYifD60xPUza0sug/getUpdates "HTTP/1.1 200 OK"
2026-01-19 10:07:35 - HTTP Request: POST https://api.telegram.org/bot7836652307:AAEpBPtzQ0XIbMVP4IDdYifD60xPUza0sug/getUpdates "HTTP/1.1 200 OK"
2026-01-19 10:07:46 - HTTP Request: POST https://api.telegram.org/bot7836652307:AAEpBPtzQ0XIbMVP4IDdYifD60xPUza0sug/getUpdates "HTTP/1.1 200 OK"
2026-01-19 10:07:56 - HTTP Request: POST https://api.telegram.org/bot7836652307:AAEpBPtzQ0XIbMVP4IDdYifD60xPUza0sug/getUpdates "HTTP/1.1 200 OK"
2026-01-19 10:08:07 - HTTP Request: POST https://api.telegram.org/bot7836652307:AAEpBPtzQ0XIbMVP4IDdYifD60xPUza0sug/getUpdates "HTTP/1.1 200 OK"
2026-01-19 10:08:17 - HTTP Request: POST https://api.telegram.org/bot7836652307:AAEpBPtzQ0XIbMVP4IDdYifD60xPUza0sug/getUpdates "HTTP/1.1 200 OK"
2026-01-19 10:08:27 - HTTP Request: POST https://api.telegram.org/bot7836652307:AAEpBPtzQ0XIbMVP4IDdYifD60xPUza0sug/getUpdates "HTTP/1.1 200 OK"
2026-01-19 10:08:38 - HTTP Request: POST https://api.telegram.org/bot7836652307:AAEpBPtzQ0XIbMVP4IDdYifD60xPUza0sug/getUpdates "HTTP/1.1 200 OK"
2026-01-19 10:08:48 - HTTP Request: POST https://api.telegram.org/bot7836652307:AAEpBPtzQ0XIbMVP4IDdYifD60xPUza0sug/getUpdates "HTTP/1.1 200 OK"
2026-01-19 10:08:58 - HTTP Request: POST https://api.telegram.org/bot7836652307:AAEpBPtzQ0XIbMVP4IDdYifD60xPUza0sug/getUpdates "HTTP/1.1 200 OK"
2026-01-19 10:09:09 - HTTP Request: POST https://api.telegram.org/bot7836652307:AAEpBPtzQ0XIbMVP4IDdYifD60xPUza0sug/getUpdates "HTTP/1.1 200 OK"
2026-01-19 10:09:19 - HTTP Request: POST https://api.telegram.org/bot7836652307:AAEpBPtzQ0XIbMVP4IDdYifD60xPUza0sug/getUpdates "HTTP/1.1 200 OK"
2026-01-19 10:09:29 - HTTP Request: POST https://api.telegram.org/bot7836652307:AAEpBPtzQ0XIbMVP4IDdYifD60xPUza0sug/getUpdates "HTTP/1.1 200 OK"
2026-01-19 10:09:40 - HTTP Request: POST https://api.telegram.org/bot7836652307:AAEpBPtzQ0XIbMVP4IDdYifD60xPUza0sug/getUpdates "HTTP/1.1 200 OK"
2026-01-19 10:09:50 - HTTP Request: POST https://api.telegram.org/bot7836652307:AAEpBPtzQ0XIbMVP4IDdYifD60xPUza0sug/getUpdates "HTTP/1.1 200 OK"
2026-01-19 10:10:00 - HTTP Request: POST https://api.telegram.org/bot7836652307:AAEpBPtzQ0XIbMVP4IDdYifD60xPUza0sug/getUpdates "HTTP/1.1 200 OK"
2026-01-19 10:10:11 - HTTP Request: POST https://api.telegram.org/bot7836652307:AAEpBPtzQ0XIbMVP4IDdYifD60xPUza0sug/getUpdates "HTTP/1.1 200 OK"
2026-01-19 10:10:21 - HTTP Request: POST https://api.telegram.org/bot7836652307:AAEpBPtzQ0XIbMVP4IDdYifD60xPUza0sug/getUpdates "HTTP/1.1 200 OK"
2026-01-19 10:10:31 - HTTP Request: POST https://api.telegram.org/bot7836652307:AAEpBPtzQ0XIbMVP4IDdYifD60xPUza0sug/getUpdates "HTTP/1.1 200 OK"
2026-01-19 10:10:42 - HTTP Request: POST https://api.telegram.org/bot7836652307:AAEpBPtzQ0XIbMVP4IDdYifD60xPUza0sug/getUpdates "HTTP/1.1 200 OK"
2026-01-19 10:10:52 - HTTP Request: POST https://api.telegram.org/bot7836652307:AAEpBPtzQ0XIbMVP4IDdYifD60xPUza0sug/getUpdates "HTTP/1.1 200 OK"
2026-01-19 10:11:02 - HTTP Request: POST https://api.telegram.org/bot7836652307:AAEpBPtzQ0XIbMVP4IDdYifD60xPUza0sug/getUpdates "HTTP/1.1 200 OK"
2026-01-19 10:11:13 - HTTP Request: POST https://api.telegram.org/bot7836652307:AAEpBPtzQ0XIbMVP4IDdYifD60xPUza0sug/getUpdates "HTTP/1.1 200 OK"
2026-01-19 10:11:23 - HTTP Request: POST https://api.telegram.org/bot7836652307:AAEpBPtzQ0XIbMVP4IDdYifD60xPUza0sug/getUpdates "HTTP/1.1 200 OK"
2026-01-19 10:11:33 - HTTP Request: POST https://api.telegram.org/bot7836652307:AAEpBPtzQ0XIbMVP4IDdYifD60xPUza0sug/getUpdates "HTTP/1.1 200 OK"
2026-01-19 10:11:44 - HTTP Request: POST https://api.telegram.org/bot7836652307:AAEpBPtzQ0XIbMVP4IDdYifD60xPUza0sug/getUpdates "HTTP/1.1 200 OK"
2026-01-19 10:11:54 - HTTP Request: POST https://api.telegram.org/bot7836652307:AAEpBPtzQ0XIbMVP4IDdYifD60xPUza0sug/getUpdates "HTTP/1.1 200 OK"
2026-01-19 10:12:04 - HTTP Request: POST https://api.telegram.org/bot7836652307:AAEpBPtzQ0XIbMVP4IDdYifD60xPUza0sug/getUpdates "HTTP/1.1 200 OK"
2026-01-19 10:12:15 - HTTP Request: POST https://api.telegram.org/bot7836652307:AAEpBPtzQ0XIbMVP4IDdYifD60xPUza0sug/getUpdates "HTTP/1.1 200 OK"
2026-01-19 10:12:25 - HTTP Request: POST https://api.telegram.org/bot7836652307:AAEpBPtzQ0XIbMVP4IDdYifD60xPUza0sug/getUpdates "HTTP/1.1 200 OK"
2026-01-19 10:12:35 - HTTP Request: POST https://api.telegram.org/bot7836652307:AAEpBPtzQ0XIbMVP4IDdYifD60xPUza0sug/getUpdates "HTTP/1.1 200 OK"
2026-01-19 10:12:46 - HTTP Request: POST https://api.telegram.org/bot7836652307:AAEpBPtzQ0XIbMVP4IDdYifD60xPUza0sug/getUpdates "HTTP/1.1 200 OK"
2026-01-19 10:12:56 - HTTP Request: POST https://api.telegram.org/bot7836652307:AAEpBPtzQ0XIbMVP4IDdYifD60xPUza0sug/getUpdates "HTTP/1.1 200 OK"
2026-01-19 10:13:06 - HTTP Request: POST https://api.telegram.org/bot7836652307:AAEpBPtzQ0XIbMVP4IDdYifD60xPUza0sug/getUpdates "HTTP/1.1 200 OK"
2026-01-19 10:13:17 - HTTP Request: POST https://api.telegram.org/bot7836652307:AAEpBPtzQ0XIbMVP4IDdYifD60xPUza0sug/getUpdates "HTTP/1.1 200 OK"
2026-01-19 10:13:27 - HTTP Request: POST https://api.telegram.org/bot7836652307:AAEpBPtzQ0XIbMVP4IDdYifD60xPUza0sug/getUpdates "HTTP/1.1 200 OK"
2026-01-19 10:13:37 - HTTP Request: POST https://api.telegram.org/bot7836652307:AAEpBPtzQ0XIbMVP4IDdYifD60xPUza0sug/getUpdates "HTTP/1.1 200 OK"
2026-01-19 10:13:48 - HTTP Request: POST https://api.telegram.org/bot7836652307:AAEpBPtzQ0XIbMVP4IDdYifD60xPUza0sug/getUpdates "HTTP/1.1 200 OK"
2026-01-19 10:13:58 - HTTP Request: POST https://api.telegram.org/bot7836652307:AAEpBPtzQ0XIbMVP4IDdYifD60xPUza0sug/getUpdates "HTTP/1.1 200 OK"
2026-01-19 10:14:08 - HTTP Request: POST https://api.telegram.org/bot7836652307:AAEpBPtzQ0XIbMVP4IDdYifD60xPUza0sug/getUpdates "HTTP/1.1 200 OK"
2026-01-19 10:14:19 - HTTP Request: POST https://api.telegram.org/bot7836652307:AAEpBPtzQ0XIbMVP4IDdYifD60xPUza0sug/getUpdates "HTTP/1.1 200 OK"
2026-01-19 10:14:29 - HTTP Request: POST https://api.telegram.org/bot7836652307:AAEpBPtzQ0XIbMVP4IDdYifD60xPUza0sug/getUpdates "HTTP/1.1 200 OK"
2026-01-19 10:14:39 - HTTP Request: POST https://api.telegram.org/bot7836652307:AAEpBPtzQ0XIbMVP4IDdYifD60xPUza0sug/getUpdates "HTTP/1.1 200 OK"
2026-01-19 10:14:50 - HTTP Request: POST https://api.telegram.org/bot7836652307:AAEpBPtzQ0XIbMVP4IDdYifD60xPUza0sug/getUpdates "HTTP/1.1 200 OK"
2026-01-19 10:15:00 - HTTP Request: POST https://api.telegram.org/bot7836652307:AAEpBPtzQ0XIbMVP4IDdYifD60xPUza0sug/getUpdates "HTTP/1.1 200 OK"
2026-01-19 10:15:10 - HTTP Request: POST https://api.telegram.org/bot7836652307:AAEpBPtzQ0XIbMVP4IDdYifD60xPUza0sug/getUpdates "HTTP/1.1 200 OK"
2026-01-19 10:15:21 - HTTP Request: POST https://api.telegram.org/bot7836652307:AAEpBPtzQ0XIbMVP4IDdYifD60xPUza0sug/getUpdates "HTTP/1.1 200 OK"
2026-01-19 10:15:31 - HTTP Request: POST https://api.telegram.org/bot7836652307:AAEpBPtzQ0XIbMVP4IDdYifD60xPUza0sug/getUpdates "HTTP/1.1 200 OK"
2026-01-19 10:15:41 - HTTP Request: POST https://api.telegram.org/bot7836652307:AAEpBPtzQ0XIbMVP4IDdYifD60xPUza0sug/getUpdates "HTTP/1.1 200 OK"
2026-01-19 10:15:52 - HTTP Request: POST https://api.telegram.org/bot7836652307:AAEpBPtzQ0XIbMVP4IDdYifD60xPUza0sug/getUpdates "HTTP/1.1 200 OK"
2026-01-19 10:16:02 - HTTP Request: POST https://api.telegram.org/bot7836652307:AAEpBPtzQ0XIbMVP4IDdYifD60xPUza0sug/getUpdates "HTTP/1.1 200 OK"
2026-01-19 10:16:12 - HTTP Request: POST https://api.telegram.org/bot7836652307:AAEpBPtzQ0XIbMVP4IDdYifD60xPUza0sug/getUpdates "HTTP/1.1 200 OK"
2026-01-19 10:16:23 - HTTP Request: POST https://api.telegram.org/bot7836652307:AAEpBPtzQ0XIbMVP4IDdYifD60xPUza0sug/getUpdates "HTTP/1.1 200 OK"
2026-01-19 10:16:33 - HTTP Request: POST https://api.telegram.org/bot7836652307:AAEpBPtzQ0XIbMVP4IDdYifD60xPUza0sug/getUpdates "HTTP/1.1 200 OK"
2026-01-19 10:16:43 - HTTP Request: POST https://api.telegram.org/bot7836652307:AAEpBPtzQ0XIbMVP4IDdYifD60xPUza0sug/getUpdates "HTTP/1.1 200 OK"
2026-01-19 10:16:54 - HTTP Request: POST https://api.telegram.org/bot7836652307:AAEpBPtzQ0XIbMVP4IDdYifD60xPUza0sug/getUpdates "HTTP/1.1 200 OK"
2026-01-19 10:17:04 - HTTP Request: POST https://api.telegram.org/bot7836652307:AAEpBPtzQ0XIbMVP4IDdYifD60xPUza0sug/getUpdates "HTTP/1.1 200 OK"
2026-01-19 10:17:14 - HTTP Request: POST https://api.telegram.org/bot7836652307:AAEpBPtzQ0XIbMVP4IDdYifD60xPUza0sug/getUpdates "HTTP/1.1 200 OK"
2026-01-19 10:17:25 - HTTP Request: POST https://api.telegram.org/bot7836652307:AAEpBPtzQ0XIbMVP4IDdYifD60xPUza0sug/getUpdates "HTTP/1.1 200 OK"
2026-01-19 10:17:35 - HTTP Request: POST https://api.telegram.org/bot7836652307:AAEpBPtzQ0XIbMVP4IDdYifD60xPUza0sug/getUpdates "HTTP/1.1 200 OK"
2026-01-19 10:17:45 - HTTP Request: POST https://api.telegram.org/bot7836652307:AAEpBPtzQ0XIbMVP4IDdYifD60xPUza0sug/getUpdates "HTTP/1.1 200 OK"
2026-01-19 10:17:56 - HTTP Request: POST https://api.telegram.org/bot7836652307:AAEpBPtzQ0XIbMVP4IDdYifD60xPUza0sug/getUpdates "HTTP/1.1 200 OK"
2026-01-19 10:18:06 - HTTP Request: POST https://api.telegram.org/bot7836652307:AAEpBPtzQ0XIbMVP4IDdYifD60xPUza0sug/getUpdates "HTTP/1.1 200 OK"
2026-01-19 10:18:16 - HTTP Request: POST https://api.telegram.org/bot7836652307:AAEpBPtzQ0XIbMVP4IDdYifD60xPUza0sug/getUpdates "HTTP/1.1 200 OK"
2026-01-19 10:18:27 - HTTP Request: POST https://api.telegram.org/bot7836652307:AAEpBPtzQ0XIbMVP4IDdYifD60xPUza0sug/getUpdates "HTTP/1.1 200 OK"
2026-01-19 10:18:37 - HTTP Request: POST https://api.telegram.org/bot7836652307:AAEpBPtzQ0XIbMVP4IDdYifD60xPUza0sug/getUpdates "HTTP/1.1 200 OK"
2026-01-19 10:18:47 - HTTP Request: POST https://api.telegram.org/bot7836652307:AAEpBPtzQ0XIbMVP4IDdYifD60xPUza0sug/getUpdates "HTTP/1.1 200 OK"
2026-01-19 10:18:58 - HTTP Request: POST https://api.telegram.org/bot7836652307:AAEpBPtzQ0XIbMVP4IDdYifD60xPUza0sug/getUpdates "HTTP/1.1 200 OK"
2026-01-19 10:19:08 - HTTP Request: POST https://api.telegram.org/bot7836652307:AAEpBPtzQ0XIbMVP4IDdYifD60xPUza0sug/getUpdates "HTTP/1.1 200 OK"
2026-01-19 10:19:18 - HTTP Request: POST https://api.telegram.org/bot7836652307:AAEpBPtzQ0XIbMVP4IDdYifD60xPUza0sug/getUpdates "HTTP/1.1 200 OK"
2026-01-19 10:19:29 - HTTP Request: POST https://api.telegram.org/bot7836652307:AAEpBPtzQ0XIbMVP4IDdYifD60xPUza0sug/getUpdates "HTTP/1.1 200 OK"
2026-01-19 10:19:39 - HTTP Request: POST https://api.telegram.org/bot7836652307:AAEpBPtzQ0XIbMVP4IDdYifD60xPUza0sug/getUpdates "HTTP/1.1 200 OK"
2026-01-19 10:19:49 - HTTP Request: POST https://api.telegram.org/bot7836652307:AAEpBPtzQ0XIbMVP4IDdYifD60xPUza0sug/getUpdates "HTTP/1.1 200 OK"
2026-01-19 10:20:00 - HTTP Request: POST https://api.telegram.org/bot7836652307:AAEpBPtzQ0XIbMVP4IDdYifD60xPUza0sug/getUpdates "HTTP/1.1 200 OK"
2026-01-19 10:20:10 - HTTP Request: POST https://api.telegram.org/bot7836652307:AAEpBPtzQ0XIbMVP4IDdYifD60xPUza0sug/getUpdates "HTTP/1.1 200 OK"
2026-01-19 10:20:20 - HTTP Request: POST https://api.telegram.org/bot7836652307:AAEpBPtzQ0XIbMVP4IDdYifD60xPUza0sug/getUpdates "HTTP/1.1 200 OK"
2026-01-19 10:20:31 - HTTP Request: POST https://api.telegram.org/bot7836652307:AAEpBPtzQ0XIbMVP4IDdYifD60xPUza0sug/getUpdates "HTTP/1.1 200 OK"
2026-01-19 10:20:41 - HTTP Request: POST https://api.telegram.org/bot7836652307:AAEpBPtzQ0XIbMVP4IDdYifD60xPUza0sug/getUpdates "HTTP/1.1 200 OK"
2026-01-19 10:20:51 - HTTP Request: POST https://api.telegram.org/bot7836652307:AAEpBPtzQ0XIbMVP4IDdYifD60xPUza0sug/getUpdates "HTTP/1.1 200 OK"
2026-01-19 10:21:02 - HTTP Request: POST https://api.telegram.org/bot7836652307:AAEpBPtzQ0XIbMVP4IDdYifD60xPUza0sug/getUpdates "HTTP/1.1 200 OK"
2026-01-19 10:21:12 - HTTP Request: POST https://api.telegram.org/bot7836652307:AAEpBPtzQ0XIbMVP4IDdYifD60xPUza0sug/getUpdates "HTTP/1.1 200 OK"
2026-01-19 10:21:22 - HTTP Request: POST https://api.telegram.org/bot7836652307:AAEpBPtzQ0XIbMVP4IDdYifD60xPUza0sug/getUpdates "HTTP/1.1 200 OK"
2026-01-19 10:21:33 - HTTP Request: POST https://api.telegram.org/bot7836652307:AAEpBPtzQ0XIbMVP4IDdYifD60xPUza0sug/getUpdates "HTTP/1.1 200 OK"
2026-01-19 10:21:43 - HTTP Request: POST https://api.telegram.org/bot7836652307:AAEpBPtzQ0XIbMVP4IDdYifD60xPUza0sug/getUpdates "HTTP/1.1 200 OK"
2026-01-19 10:21:53 - HTTP Request: POST https://api.telegram.org/bot7836652307:AAEpBPtzQ0XIbMVP4IDdYifD60xPUza0sug/getUpdates "HTTP/1.1 200 OK"
2026-01-19 10:22:04 - HTTP Request: POST https://api.telegram.org/bot7836652307:AAEpBPtzQ0XIbMVP4IDdYifD60xPUza0sug/getUpdates "HTTP/1.1 200 OK"
2026-01-19 10:22:14 - HTTP Request: POST https://api.telegram.org/bot7836652307:AAEpBPtzQ0XIbMVP4IDdYifD60xPUza0sug/getUpdates "HTTP/1.1 200 OK"
2026-01-19 10:22:24 - HTTP Request: POST https://api.telegram.org/bot7836652307:AAEpBPtzQ0XIbMVP4IDdYifD60xPUza0sug/getUpdates "HTTP/1.1 200 OK"
2026-01-19 10:22:35 - HTTP Request: POST https://api.telegram.org/bot7836652307:AAEpBPtzQ0XIbMVP4IDdYifD60xPUza0sug/getUpdates "HTTP/1.1 200 OK"
2026-01-19 10:22:45 - HTTP Request: POST https://api.telegram.org/bot7836652307:AAEpBPtzQ0XIbMVP4IDdYifD60xPUza0sug/getUpdates "HTTP/1.1 200 OK"
2026-01-19 10:22:55 - HTTP Request: POST https://api.telegram.org/bot7836652307:AAEpBPtzQ0XIbMVP4IDdYifD60xPUza0sug/getUpdates "HTTP/1.1 200 OK"
2026-01-19 10:23:06 - HTTP Request: POST https://api.telegram.org/bot7836652307:AAEpBPtzQ0XIbMVP4IDdYifD60xPUza0sug/getUpdates "HTTP/1.1 200 OK"
2026-01-19 10:23:16 - HTTP Request: POST https://api.telegram.org/bot7836652307:AAEpBPtzQ0XIbMVP4IDdYifD60xPUza0sug/getUpdates "HTTP/1.1 200 OK"
2026-01-19 10:23:26 - HTTP Request: POST https://api.telegram.org/bot7836652307:AAEpBPtzQ0XIbMVP4IDdYifD60xPUza0sug/getUpdates "HTTP/1.1 200 OK"
2026-01-19 10:23:37 - HTTP Request: POST https://api.telegram.org/bot7836652307:AAEpBPtzQ0XIbMVP4IDdYifD60xPUza0sug/getUpdates "HTTP/1.1 200 OK"
2026-01-19 10:23:47 - HTTP Request: POST https://api.telegram.org/bot7836652307:AAEpBPtzQ0XIbMVP4IDdYifD60xPUza0sug/getUpdates "HTTP/1.1 200 OK"
2026-01-19 10:23:57 - HTTP Request: POST https://api.telegram.org/bot7836652307:AAEpBPtzQ0XIbMVP4IDdYifD60xPUza0sug/getUpdates "HTTP/1.1 200 OK"
2026-01-19 10:24:08 - HTTP Request: POST https://api.telegram.org/bot7836652307:AAEpBPtzQ0XIbMVP4IDdYifD60xPUza0sug/getUpdates "HTTP/1.1 200 OK"
2026-01-19 10:24:18 - HTTP Request: POST https://api.telegram.org/bot7836652307:AAEpBPtzQ0XIbMVP4IDdYifD60xPUza0sug/getUpdates "HTTP/1.1 200 OK"
2026-01-19 10:24:28 - HTTP Request: POST https://api.telegram.org/bot7836652307:AAEpBPtzQ0XIbMVP4IDdYifD60xPUza0sug/getUpdates "HTTP/1.1 200 OK"
2026-01-19 10:24:39 - HTTP Request: POST https://api.telegram.org/bot7836652307:AAEpBPtzQ0XIbMVP4IDdYifD60xPUza0sug/getUpdates "HTTP/1.1 200 OK"
2026-01-19 10:24:49 - HTTP Request: POST https://api.telegram.org/bot7836652307:AAEpBPtzQ0XIbMVP4IDdYifD60xPUza0sug/getUpdates "HTTP/1.1 200 OK"
2026-01-19 10:25:00 - HTTP Request: POST https://api.telegram.org/bot7836652307:AAEpBPtzQ0XIbMVP4IDdYifD60xPUza0sug/getUpdates "HTTP/1.1 200 OK"
2026-01-19 10:25:10 - HTTP Request: POST https://api.telegram.org/bot7836652307:AAEpBPtzQ0XIbMVP4IDdYifD60xPUza0sug/getUpdates "HTTP/1.1 200 OK"
2026-01-19 10:25:20 - HTTP Request: POST https://api.telegram.org/bot7836652307:AAEpBPtzQ0XIbMVP4IDdYifD60xPUza0sug/getUpdates "HTTP/1.1 200 OK"
2026-01-19 10:25:31 - HTTP Request: POST https://api.telegram.org/bot7836652307:AAEpBPtzQ0XIbMVP4IDdYifD60xPUza0sug/getUpdates "HTTP/1.1 200 OK"
2026-01-19 10:25:41 - HTTP Request: POST https://api.telegram.org/bot7836652307:AAEpBPtzQ0XIbMVP4IDdYifD60xPUza0sug/getUpdates "HTTP/1.1 200 OK"
2026-01-19 10:25:51 - HTTP Request: POST https://api.telegram.org/bot7836652307:AAEpBPtzQ0XIbMVP4IDdYifD60xPUza0sug/getUpdates "HTTP/1.1 200 OK"
2026-01-19 10:26:02 - HTTP Request: POST https://api.telegram.org/bot7836652307:AAEpBPtzQ0XIbMVP4IDdYifD60xPUza0sug/getUpdates "HTTP/1.1 200 OK"
2026-01-19 10:26:12 - HTTP Request: POST https://api.telegram.org/bot7836652307:AAEpBPtzQ0XIbMVP4IDdYifD60xPUza0sug/getUpdates "HTTP/1.1 200 OK"
2026-01-19 10:26:23 - HTTP Request: POST https://api.telegram.org/bot7836652307:AAEpBPtzQ0XIbMVP4IDdYifD60xPUza0sug/getUpdates "HTTP/1.1 200 OK"
2026-01-19 10:26:33 - HTTP Request: POST https://api.telegram.org/bot7836652307:AAEpBPtzQ0XIbMVP4IDdYifD60xPUza0sug/getUpdates "HTTP/1.1 200 OK"
2026-01-19 10:26:43 - HTTP Request: POST https://api.telegram.org/bot7836652307:AAEpBPtzQ0XIbMVP4IDdYifD60xPUza0sug/getUpdates "HTTP/1.1 200 OK"
2026-01-19 10:26:54 - HTTP Request: POST https://api.telegram.org/bot7836652307:AAEpBPtzQ0XIbMVP4IDdYifD60xPUza0sug/getUpdates "HTTP/1.1 200 OK"
2026-01-19 10:27:04 - HTTP Request: POST https://api.telegram.org/bot7836652307:AAEpBPtzQ0XIbMVP4IDdYifD60xPUza0sug/getUpdates "HTTP/1.1 200 OK"
2026-01-19 10:27:14 - HTTP Request: POST https://api.telegram.org/bot7836652307:AAEpBPtzQ0XIbMVP4IDdYifD60xPUza0sug/getUpdates "HTTP/1.1 200 OK"
2026-01-19 10:27:25 - HTTP Request: POST https://api.telegram.org/bot7836652307:AAEpBPtzQ0XIbMVP4IDdYifD60xPUza0sug/getUpdates "HTTP/1.1 200 OK"
2026-01-19 10:27:35 - HTTP Request: POST https://api.telegram.org/bot7836652307:AAEpBPtzQ0XIbMVP4IDdYifD60xPUza0sug/getUpdates "HTTP/1.1 200 OK"
2026-01-19 10:27:45 - HTTP Request: POST https://api.telegram.org/bot7836652307:AAEpBPtzQ0XIbMVP4IDdYifD60xPUza0sug/getUpdates "HTTP/1.1 200 OK"
2026-01-19 10:27:56 - HTTP Request: POST https://api.telegram.org/bot7836652307:AAEpBPtzQ0XIbMVP4IDdYifD60xPUza0sug/getUpdates "HTTP/1.1 200 OK"
2026-01-19 10:28:06 - HTTP Request: POST https://api.telegram.org/bot7836652307:AAEpBPtzQ0XIbMVP4IDdYifD60xPUza0sug/getUpdates "HTTP/1.1 200 OK"
2026-01-19 10:28:16 - HTTP Request: POST https://api.telegram.org/bot7836652307:AAEpBPtzQ0XIbMVP4IDdYifD60xPUza0sug/getUpdates "HTTP/1.1 200 OK"
2026-01-19 10:28:27 - HTTP Request: POST https://api.telegram.org/bot7836652307:AAEpBPtzQ0XIbMVP4IDdYifD60xPUza0sug/getUpdates "HTTP/1.1 200 OK"
2026-01-19 10:28:37 - HTTP Request: POST https://api.telegram.org/bot7836652307:AAEpBPtzQ0XIbMVP4IDdYifD60xPUza0sug/getUpdates "HTTP/1.1 200 OK"
2026-01-19 10:28:47 - HTTP Request: POST https://api.telegram.org/bot7836652307:AAEpBPtzQ0XIbMVP4IDdYifD60xPUza0sug/getUpdates "HTTP/1.1 200 OK"
2026-01-19 10:28:58 - HTTP Request: POST https://api.telegram.org/bot7836652307:AAEpBPtzQ0XIbMVP4IDdYifD60xPUza0sug/getUpdates "HTTP/1.1 200 OK"
2026-01-19 10:29:08 - HTTP Request: POST https://api.telegram.org/bot7836652307:AAEpBPtzQ0XIbMVP4IDdYifD60xPUza0sug/getUpdates "HTTP/1.1 200 OK"
2026-01-19 10:29:19 - HTTP Request: POST https://api.telegram.org/bot7836652307:AAEpBPtzQ0XIbMVP4IDdYifD60xPUza0sug/getUpdates "HTTP/1.1 200 OK"
2026-01-19 10:29:29 - HTTP Request: POST https://api.telegram.org/bot7836652307:AAEpBPtzQ0XIbMVP4IDdYifD60xPUza0sug/getUpdates "HTTP/1.1 200 OK"
2026-01-19 10:29:39 - HTTP Request: POST https://api.telegram.org/bot7836652307:AAEpBPtzQ0XIbMVP4IDdYifD60xPUza0sug/getUpdates "HTTP/1.1 200 OK"
2026-01-19 10:29:50 - HTTP Request: POST https://api.telegram.org/bot7836652307:AAEpBPtzQ0XIbMVP4IDdYifD60xPUza0sug/getUpdates "HTTP/1.1 200 OK"
2026-01-19 10:30:00 - HTTP Request: POST https://api.telegram.org/bot7836652307:AAEpBPtzQ0XIbMVP4IDdYifD60xPUza0sug/getUpdates "HTTP/1.1 200 OK"
2026-01-19 10:30:10 - HTTP Request: POST https://api.telegram.org/bot7836652307:AAEpBPtzQ0XIbMVP4IDdYifD60xPUza0sug/getUpdates "HTTP/1.1 200 OK"
2026-01-19 10:30:21 - HTTP Request: POST https://api.telegram.org/bot7836652307:AAEpBPtzQ0XIbMVP4IDdYifD60xPUza0sug/getUpdates "HTTP/1.1 200 OK"
2026-01-19 10:30:31 - HTTP Request: POST https://api.telegram.org/bot7836652307:AAEpBPtzQ0XIbMVP4IDdYifD60xPUza0sug/getUpdates "HTTP/1.1 200 OK"
2026-01-19 10:30:41 - HTTP Request: POST https://api.telegram.org/bot7836652307:AAEpBPtzQ0XIbMVP4IDdYifD60xPUza0sug/getUpdates "HTTP/1.1 200 OK"
2026-01-19 10:30:52 - HTTP Request: POST https://api.telegram.org/bot7836652307:AAEpBPtzQ0XIbMVP4IDdYifD60xPUza0sug/getUpdates "HTTP/1.1 200 OK"
2026-01-19 10:31:02 - HTTP Request: POST https://api.telegram.org/bot7836652307:AAEpBPtzQ0XIbMVP4IDdYifD60xPUza0sug/getUpdates "HTTP/1.1 200 OK"
2026-01-19 10:31:12 - HTTP Request: POST https://api.telegram.org/bot7836652307:AAEpBPtzQ0XIbMVP4IDdYifD60xPUza0sug/getUpdates "HTTP/1.1 200 OK"
2026-01-19 10:31:23 - HTTP Request: POST https://api.telegram.org/bot7836652307:AAEpBPtzQ0XIbMVP4IDdYifD60xPUza0sug/getUpdates "HTTP/1.1 200 OK"
2026-01-19 10:31:33 - HTTP Request: POST https://api.telegram.org/bot7836652307:AAEpBPtzQ0XIbMVP4IDdYifD60xPUza0sug/getUpdates "HTTP/1.1 200 OK"
2026-01-19 10:31:43 - HTTP Request: POST https://api.telegram.org/bot7836652307:AAEpBPtzQ0XIbMVP4IDdYifD60xPUza0sug/getUpdates "HTTP/1.1 200 OK"
2026-01-19 10:31:54 - HTTP Request: POST https://api.telegram.org/bot7836652307:AAEpBPtzQ0XIbMVP4IDdYifD60xPUza0sug/getUpdates "HTTP/1.1 200 OK"
2026-01-19 10:32:04 - HTTP Request: POST https://api.telegram.org/bot7836652307:AAEpBPtzQ0XIbMVP4IDdYifD60xPUza0sug/getUpdates "HTTP/1.1 200 OK"
2026-01-19 10:32:15 - HTTP Request: POST https://api.telegram.org/bot7836652307:AAEpBPtzQ0XIbMVP4IDdYifD60xPUza0sug/getUpdates "HTTP/1.1 200 OK"
2026-01-19 10:32:25 - HTTP Request: POST https://api.telegram.org/bot7836652307:AAEpBPtzQ0XIbMVP4IDdYifD60xPUza0sug/getUpdates "HTTP/1.1 200 OK"
2026-01-19 10:32:35 - HTTP Request: POST https://api.telegram.org/bot7836652307:AAEpBPtzQ0XIbMVP4IDdYifD60xPUza0sug/getUpdates "HTTP/1.1 200 OK"
2026-01-19 10:32:46 - HTTP Request: POST https://api.telegram.org/bot7836652307:AAEpBPtzQ0XIbMVP4IDdYifD60xPUza0sug/getUpdates "HTTP/1.1 200 OK"
2026-01-19 10:32:56 - HTTP Request: POST https://api.telegram.org/bot7836652307:AAEpBPtzQ0XIbMVP4IDdYifD60xPUza0sug/getUpdates "HTTP/1.1 200 OK"
2026-01-19 10:33:06 - HTTP Request: POST https://api.telegram.org/bot7836652307:AAEpBPtzQ0XIbMVP4IDdYifD60xPUza0sug/getUpdates "HTTP/1.1 200 OK"
2026-01-19 10:33:17 - HTTP Request: POST https://api.telegram.org/bot7836652307:AAEpBPtzQ0XIbMVP4IDdYifD60xPUza0sug/getUpdates "HTTP/1.1 200 OK"
2026-01-19 10:33:27 - HTTP Request: POST https://api.telegram.org/bot7836652307:AAEpBPtzQ0XIbMVP4IDdYifD60xPUza0sug/getUpdates "HTTP/1.1 200 OK"
2026-01-19 10:33:37 - HTTP Request: POST https://api.telegram.org/bot7836652307:AAEpBPtzQ0XIbMVP4IDdYifD60xPUza0sug/getUpdates "HTTP/1.1 200 OK"
2026-01-19 10:33:48 - HTTP Request: POST https://api.telegram.org/bot7836652307:AAEpBPtzQ0XIbMVP4IDdYifD60xPUza0sug/getUpdates "HTTP/1.1 200 OK"
2026-01-19 10:33:58 - HTTP Request: POST https://api.telegram.org/bot7836652307:AAEpBPtzQ0XIbMVP4IDdYifD60xPUza0sug/getUpdates "HTTP/1.1 200 OK"
2026-01-19 10:34:08 - HTTP Request: POST https://api.telegram.org/bot7836652307:AAEpBPtzQ0XIbMVP4IDdYifD60xPUza0sug/getUpdates "HTTP/1.1 200 OK"
2026-01-19 10:34:19 - HTTP Request: POST https://api.telegram.org/bot7836652307:AAEpBPtzQ0XIbMVP4IDdYifD60xPUza0sug/getUpdates "HTTP/1.1 200 OK"
2026-01-19 10:34:29 - HTTP Request: POST https://api.telegram.org/bot7836652307:AAEpBPtzQ0XIbMVP4IDdYifD60xPUza0sug/getUpdates "HTTP/1.1 200 OK"
2026-01-19 10:34:39 - HTTP Request: POST https://api.telegram.org/bot7836652307:AAEpBPtzQ0XIbMVP4IDdYifD60xPUza0sug/getUpdates "HTTP/1.1 200 OK"
2026-01-19 10:34:50 - HTTP Request: POST https://api.telegram.org/bot7836652307:AAEpBPtzQ0XIbMVP4IDdYifD60xPUza0sug/getUpdates "HTTP/1.1 200 OK"
2026-01-19 10:35:00 - HTTP Request: POST https://api.telegram.org/bot7836652307:AAEpBPtzQ0XIbMVP4IDdYifD60xPUza0sug/getUpdates "HTTP/1.1 200 OK"
2026-01-19 10:35:10 - HTTP Request: POST https://api.telegram.org/bot7836652307:AAEpBPtzQ0XIbMVP4IDdYifD60xPUza0sug/getUpdates "HTTP/1.1 200 OK"
2026-01-19 10:35:21 - HTTP Request: POST https://api.telegram.org/bot7836652307:AAEpBPtzQ0XIbMVP4IDdYifD60xPUza0sug/getUpdates "HTTP/1.1 200 OK"
2026-01-19 10:35:31 - HTTP Request: POST https://api.telegram.org/bot7836652307:AAEpBPtzQ0XIbMVP4IDdYifD60xPUza0sug/getUpdates "HTTP/1.1 200 OK"
2026-01-19 10:35:42 - HTTP Request: POST https://api.telegram.org/bot7836652307:AAEpBPtzQ0XIbMVP4IDdYifD60xPUza0sug/getUpdates "HTTP/1.1 200 OK"
2026-01-19 10:35:52 - HTTP Request: POST https://api.telegram.org/bot7836652307:AAEpBPtzQ0XIbMVP4IDdYifD60xPUza0sug/getUpdates "HTTP/1.1 200 OK"
2026-01-19 10:36:02 - HTTP Request: POST https://api.telegram.org/bot7836652307:AAEpBPtzQ0XIbMVP4IDdYifD60xPUza0sug/getUpdates "HTTP/1.1 200 OK"
2026-01-19 10:36:13 - HTTP Request: POST https://api.telegram.org/bot7836652307:AAEpBPtzQ0XIbMVP4IDdYifD60xPUza0sug/getUpdates "HTTP/1.1 200 OK"
2026-01-19 10:36:23 - HTTP Request: POST https://api.telegram.org/bot7836652307:AAEpBPtzQ0XIbMVP4IDdYifD60xPUza0sug/getUpdates "HTTP/1.1 200 OK"
2026-01-19 10:36:33 - HTTP Request: POST https://api.telegram.org/bot7836652307:AAEpBPtzQ0XIbMVP4IDdYifD60xPUza0sug/getUpdates "HTTP/1.1 200 OK"
2026-01-19 10:36:44 - HTTP Request: POST https://api.telegram.org/bot7836652307:AAEpBPtzQ0XIbMVP4IDdYifD60xPUza0sug/getUpdates "HTTP/1.1 200 OK"
2026-01-19 10:36:54 - HTTP Request: POST https://api.telegram.org/bot7836652307:AAEpBPtzQ0XIbMVP4IDdYifD60xPUza0sug/getUpdates "HTTP/1.1 200 OK"
2026-01-19 10:37:04 - HTTP Request: POST https://api.telegram.org/bot7836652307:AAEpBPtzQ0XIbMVP4IDdYifD60xPUza0sug/getUpdates "HTTP/1.1 200 OK"
2026-01-19 10:37:15 - HTTP Request: POST https://api.telegram.org/bot7836652307:AAEpBPtzQ0XIbMVP4IDdYifD60xPUza0sug/getUpdates "HTTP/1.1 200 OK"
2026-01-19 10:37:25 - HTTP Request: POST https://api.telegram.org/bot7836652307:AAEpBPtzQ0XIbMVP4IDdYifD60xPUza0sug/getUpdates "HTTP/1.1 200 OK"
2026-01-19 10:37:35 - HTTP Request: POST https://api.telegram.org/bot7836652307:AAEpBPtzQ0XIbMVP4IDdYifD60xPUza0sug/getUpdates "HTTP/1.1 200 OK"
2026-01-19 10:37:46 - HTTP Request: POST https://api.telegram.org/bot7836652307:AAEpBPtzQ0XIbMVP4IDdYifD60xPUza0sug/getUpdates "HTTP/1.1 200 OK"
2026-01-19 10:37:56 - HTTP Request: POST https://api.telegram.org/bot7836652307:AAEpBPtzQ0XIbMVP4IDdYifD60xPUza0sug/getUpdates "HTTP/1.1 200 OK"
2026-01-19 10:38:06 - HTTP Request: POST https://api.telegram.org/bot7836652307:AAEpBPtzQ0XIbMVP4IDdYifD60xPUza0sug/getUpdates "HTTP/1.1 200 OK"
2026-01-19 10:38:17 - HTTP Request: POST https://api.telegram.org/bot7836652307:AAEpBPtzQ0XIbMVP4IDdYifD60xPUza0sug/getUpdates "HTTP/1.1 200 OK"
2026-01-19 10:38:27 - HTTP Request: POST https://api.telegram.org/bot7836652307:AAEpBPtzQ0XIbMVP4IDdYifD60xPUza0sug/getUpdates "HTTP/1.1 200 OK"
2026-01-19 10:38:38 - HTTP Request: POST https://api.telegram.org/bot7836652307:AAEpBPtzQ0XIbMVP4IDdYifD60xPUza0sug/getUpdates "HTTP/1.1 200 OK"
2026-01-19 10:38:48 - HTTP Request: POST https://api.telegram.org/bot7836652307:AAEpBPtzQ0XIbMVP4IDdYifD60xPUza0sug/getUpdates "HTTP/1.1 200 OK"
2026-01-19 10:38:58 - HTTP Request: POST https://api.telegram.org/bot7836652307:AAEpBPtzQ0XIbMVP4IDdYifD60xPUza0sug/getUpdates "HTTP/1.1 200 OK"
2026-01-19 10:39:09 - HTTP Request: POST https://api.telegram.org/bot7836652307:AAEpBPtzQ0XIbMVP4IDdYifD60xPUza0sug/getUpdates "HTTP/1.1 200 OK"
2026-01-19 10:39:19 - HTTP Request: POST https://api.telegram.org/bot7836652307:AAEpBPtzQ0XIbMVP4IDdYifD60xPUza0sug/getUpdates "HTTP/1.1 200 OK"
2026-01-19 10:39:29 - HTTP Request: POST https://api.telegram.org/bot7836652307:AAEpBPtzQ0XIbMVP4IDdYifD60xPUza0sug/getUpdates "HTTP/1.1 200 OK"
2026-01-19 10:39:40 - HTTP Request: POST https://api.telegram.org/bot7836652307:AAEpBPtzQ0XIbMVP4IDdYifD60xPUza0sug/getUpdates "HTTP/1.1 200 OK"
2026-01-19 10:39:50 - HTTP Request: POST https://api.telegram.org/bot7836652307:AAEpBPtzQ0XIbMVP4IDdYifD60xPUza0sug/getUpdates "HTTP/1.1 200 OK"
2026-01-19 10:40:00 - HTTP Request: POST https://api.telegram.org/bot7836652307:AAEpBPtzQ0XIbMVP4IDdYifD60xPUza0sug/getUpdates "HTTP/1.1 200 OK"
2026-01-19 10:40:11 - HTTP Request: POST https://api.telegram.org/bot7836652307:AAEpBPtzQ0XIbMVP4IDdYifD60xPUza0sug/getUpdates "HTTP/1.1 200 OK"
2026-01-19 10:40:21 - HTTP Request: POST https://api.telegram.org/bot7836652307:AAEpBPtzQ0XIbMVP4IDdYifD60xPUza0sug/getUpdates "HTTP/1.1 200 OK"
2026-01-19 10:40:31 - HTTP Request: POST https://api.telegram.org/bot7836652307:AAEpBPtzQ0XIbMVP4IDdYifD60xPUza0sug/getUpdates "HTTP/1.1 200 OK"
2026-01-19 10:40:32 - HTTP Request: POST https://api.telegram.org/bot7836652307:AAEpBPtzQ0XIbMVP4IDdYifD60xPUza0sug/getUpdates "HTTP/1.1 200 OK"
2026-01-19 10:40:32 - ID: 1374307835 | Usuario: Oscar | Acción: SESIÓN EXPIRADA (Reloj agotado)
2026-01-19 10:40:32 - ID: 1374307835 | Usuario: Oscar | Acción: Reinicio de reloj por expiración o primer mensaje
2026-01-19 10:40:32 - ID: 1374307835 | Usuario: Oscar | Acción: CIERRE DE SESIÓN MANUAL
2026-01-19 10:40:33 - HTTP Request: POST https://api.telegram.org/bot7836652307:AAEpBPtzQ0XIbMVP4IDdYifD60xPUza0sug/sendMessage "HTTP/1.1 200 OK"
2026-01-19 10:40:42 - HTTP Request: POST https://api.telegram.org/bot7836652307:AAEpBPtzQ0XIbMVP4IDdYifD60xPUza0sug/getUpdates "HTTP/1.1 200 OK"
2026-01-19 10:40:52 - HTTP Request: POST https://api.telegram.org/bot7836652307:AAEpBPtzQ0XIbMVP4IDdYifD60xPUza0sug/getUpdates "HTTP/1.1 200 OK"
2026-01-19 10:41:03 - HTTP Request: POST https://api.telegram.org/bot7836652307:AAEpBPtzQ0XIbMVP4IDdYifD60xPUza0sug/getUpdates "HTTP/1.1 200 OK"
2026-01-19 10:41:13 - HTTP Request: POST https://api.telegram.org/bot7836652307:AAEpBPtzQ0XIbMVP4IDdYifD60xPUza0sug/getUpdates "HTTP/1.1 200 OK"
2026-01-19 10:41:24 - HTTP Request: POST https://api.telegram.org/bot7836652307:AAEpBPtzQ0XIbMVP4IDdYifD60xPUza0sug/getUpdates "HTTP/1.1 200 OK"
2026-01-19 10:41:34 - HTTP Request: POST https://api.telegram.org/bot7836652307:AAEpBPtzQ0XIbMVP4IDdYifD60xPUza0sug/getUpdates "HTTP/1.1 200 OK"
2026-01-19 10:41:44 - HTTP Request: POST https://api.telegram.org/bot7836652307:AAEpBPtzQ0XIbMVP4IDdYifD60xPUza0sug/getUpdates "HTTP/1.1 200 OK"
2026-01-19 10:41:55 - HTTP Request: POST https://api.telegram.org/bot7836652307:AAEpBPtzQ0XIbMVP4IDdYifD60xPUza0sug/getUpdates "HTTP/1.1 200 OK"
2026-01-19 10:42:05 - HTTP Request: POST https://api.telegram.org/bot7836652307:AAEpBPtzQ0XIbMVP4IDdYifD60xPUza0sug/getUpdates "HTTP/1.1 200 OK"
2026-01-19 10:42:12 - HTTP Request: POST https://api.telegram.org/bot7836652307:AAEpBPtzQ0XIbMVP4IDdYifD60xPUza0sug/getUpdates "HTTP/1.1 200 OK"
2026-01-19 10:42:12 - Application is stopping. This might take a moment.
2026-01-19 10:42:12 - Application.stop() complete
